Contributing types: Sessions}
{"logTime": "0622/172033", "correlationVector":"GCwUBBJOw+R3bpJW08KBcv.1","action":"SyncServerConnectionManagerRequest", "result":"SYNC_SERVER_OK", "context":{"environment":"Prod_SoutheastAsia_000j", "migrationStage":"NotStarted", "server":"GENERAL01000019"}}
{"logTime": "0622/172033", "correlationVector":"GCwUBBJOw+R3bpJW08KBcv.2","action":"Commit Response", "result":"SYNCER_OK", "context":Result: SYNCER_OK. cV=GCwUBBJOw+R3bpJW08KBcv.0;server=GENERAL01000019;cloudType=Consumer;environment=Prod_SoutheastAsia_000j;migrationStage=NotStarted}
{"logTime": "0622/172235", "correlationVector":"avXJ+fsdZgBHSrei4dbfRn","action":"Commit Request", "result":"", "context":Item count: 9
Contributing types: Sessions}
{"logTime": "0622/172236", "correlationVector":"avXJ+fsdZgBHSrei4dbfRn.1","action":"SyncServerConnectionManagerRequest", "result":"SYNC_SERVER_OK", "context":{"environment":"Prod_SoutheastAsia_000j", "migrationStage":"NotStarted", "server":"general01000011"}}
{"logTime": "0622/172236", "correlationVector":"avXJ+fsdZgBHSrei4dbfRn.3","action":"Commit.Sessions", "result":"Success", "context":{"id":"3f842be5-2168-4f4a-ac21-6ceb589f538c", "isDeleted":"true", "size":"0", "version":"1687454400978"}}
{"logTime": "0622/172236", "correlationVector":"avXJ+fsdZgBHSrei4dbfRn.4","action":"Commit.Sessions", "result":"Success", "context":{"id":"53ad9157-8a89-4fce-b9ea-3ce52c63d12b", "isDeleted":"true", "size":"0", "version":"1687454432762"}}
{"logTime": "0622/172236", "correlationVector":"avXJ+fsdZgBHSrei4dbfRn.5","action":"Commit.Sessions", "result":"Success", "context":{"id":"25f801fb-e8b6-4ebb-8567-fa3d94e7a8fd", "isDeleted":"true", "size":"0", "version":"1687454400982"}}
{"logTime": "0622/172236", "correlationVector":"avXJ+fsdZgBHSrei4dbfRn.2","action":"Commit Response", "result":"SYNCER_OK", "context":Result: SYNCER_OK. cV=avXJ+fsdZgBHSrei4dbfRn.0;server=general01000011;cloudType=Consumer;environment=Prod_SoutheastAsia_000j;migrationStage=NotStarted}
{"logTime": "0622/172648", "correlationVector":"5L/AeJWoCrMhX54b5+J5hT","action":"Commit Request", "result":"", "context":Item count: 5
Contributing types: Sessions}
{"logTime": "0622/172649", "correlationVector":"5L/AeJWoCrMhX54b5+J5hT.1","action":"SyncServerConnectionManagerRequest", "result":"SYNC_SERVER_OK", "context":{"environment":"Prod_SoutheastAsia_000j", "migrationStage":"NotStarted", "server":"GENERAL01000019"}}
{"logTime": "0622/172649", "correlationVector":"5L/AeJWoCrMhX54b5+J5hT.3","action":"Commit.Sessions", "result":"Success", "context":{"id":"c7a44506-eab7-4934-948f-2b3da13027a2", "isDeleted":"true", "size":"0", "version":"1687454555303"}}
{"logTime": "0622/172649", "correlationVector":"5L/AeJWoCrMhX54b5+J5hT.4","action":"Commit.Sessions", "result":"Success", "context":{"id":"792c3b68-2e2e-4091-9a90-2452bca0b103", "isDeleted":"true", "size":"0", "version":"1687454555305"}}
{"logTime": "0622/172649", "correlationVector":"5L/AeJWoCrMhX54b5+J5hT.5","action":"Commit.Sessions", "result":"Success", "context":{"id":"c680b814-fbfc-40a5-bfaa-a597c93b67b7", "isDeleted":"true", "size":"0", "version":"1687454555307"}}
{"logTime": "0622/172649", "correlationVector":"5L/AeJWoCrMhX54b5+J5hT.6","action":"Commit.Sessions", "result":"Success", "context":{"id":"b52f60d6-08ab-4abf-be25-b53601537b98", "isDeleted":"true", "size":"0", "version":"1687454555308"}}
{"logTime": "0622/172649", "correlationVector":"5L/AeJWoCrMhX54b5+J5hT.7","action":"Commit.Sessions", "result":"Success", "context":{"id":"3e4f043e-1178-4482-95a6-c3608e653f84", "isDeleted":"true", "size":"0", "version":"1687454555310"}}
{"logTime": "0622/172649", "correlationVector":"5L/AeJWoCrMhX54b5+J5hT.2","action":"Commit Response", "result":"SYNCER_OK", "context":Result: SYNCER_OK. cV=5L/AeJWoCrMhX54b5+J5hT.0;server=GENERAL01000019;cloudType=Consumer;environment=Prod_SoutheastAsia_000j;migrationStage=NotStarted}
{"logTime": "0622/173327", "correlationVector":"N5qKw47ZpjKwZHCNY1Vj/t","action":"Commit Request", "result":"", "context":Item count: 3
Contributing types: Sessions}
{"logTime": "0622/173328", "correlationVector":"N5qKw47ZpjKwZHCNY1Vj/t.1","action":"SyncServerConnectionManagerRequest", "result":"SYNC_SERVER_OK", "context":{"environment":"Prod_SoutheastAsia_000j", "migrationStage":"NotStarted", "server":"GENERAL0100001L"}}
{"logTime": "0622/173328", "correlationVector":"N5qKw47ZpjKwZHCNY1Vj/t.2","action":"Commit Response", "result":"SYNCER_OK", "context":Result: SYNCER_OK. cV=N5qKw47ZpjKwZHCNY1Vj/t.0;server=GENERAL0100001L;cloudType=Consumer;environment=Prod_SoutheastAsia_000j;migrationStage=NotStarted}
{"logTime": "0622/173404", "correlationVector":"Ve0fmpdfaZYfRcgwpG3Mtq","action":"Commit Request", "result":"", "context":Item count: 5
Contributing types: Typed URLs, Sessions}
{"logTime": "0622/173405", "correlationVector":"Ve0fmpdfaZYfRcgwpG3Mtq.1","action":"SyncServerConnectionManagerRequest", "result":"SYNC_SERVER_OK", "context":{"environment":"Prod_SoutheastAsia_000j", "migrationStage":"NotStarted", "server":"general0100001G"}}
{"logTime": "0622/173405", "correlationVector":"Ve0fmpdfaZYfRcgwpG3Mtq.3","action":"Commit.Typed URLs", "result":"Success", "context":{"id":"f6fc795a-feec-4f0f-a545-8f270954ec9b", "isDeleted":"true", "size":"0", "version":"1687454399139"}}
{"logTime": "0622/173405", "correlationVector":"Ve0fmpdfaZYfRcgwpG3Mtq.2","action":"Commit Response", "result":"SYNCER_OK", "context":Result: SYNCER_OK. cV=Ve0fmpdfaZYfRcgwpG3Mtq.0;server=general0100001G;cloudType=Consumer;environment=Prod_SoutheastAsia_000j;migrationStage=NotStarted}
{"logTime": "0622/173437", "correlationVector":"Hs7x6sD0gPPjatLdrST4hp","action":"Commit Request", "result":"", "context":Item count: 3
Contributing types: Sessions}
{"logTime": "0622/173438", "correlationVector":"Hs7x6sD0gPPjatLdrST4hp.1","action":"SyncServerConnectionManagerRequest", "result":"SYNC_SERVER_OK", "context":{"environment":"Prod_SoutheastAsia_000j", "migrationStage":"NotStarted", "server":"general0100001F"}}
{"logTime": "0622/173438", "correlationVector":"Hs7x6sD0gPPjatLdrST4hp.3","action":"Commit.Sessions", "result":"Success", "context":{"id":"55d3314a-e872-4d2c-ac13-46dcf5be7c46", "isDeleted":"true", "size":"0", "version":"1687455245057"}}
{"logTime": "0622/173438", "correlationVector":"Hs7x6sD0gPPjatLdrST4hp.2","action":"Commit Response", "result":"SYNCER_OK", "context":Result: SYNCER_OK. cV=Hs7x6sD0gPPjatLdrST4hp.0;server=general0100001F;cloudType=Consumer;environment=Prod_SoutheastAsia_000j;migrationStage=NotStarted}
{"logTime": "0622/173545", "correlationVector":"EmxQ0T8C+b/xV/H1bA7JMd","action":"Commit Request", "result":"", "context":Item count: 2
Contributing types: Sessions}
{"logTime": "0622/173545", "correlationVector":"EmxQ0T8C+b/xV/H1bA7JMd.1","action":"SyncServerConnectionManagerRequest", "result":"SYNC_SERVER_OK", "context":{"environment":"Prod_SoutheastAsia_000j", "migrationStage":"NotStarted", "server":"GENERAL01000007"}}
{"logTime": "0622/173545", "correlationVector":"EmxQ0T8C+b/xV/H1bA7JMd.3","action":"Commit.Sessions", "result":"Success", "context":{"id":"3a51009b-a2cc-4400-a50e-d40164104ddf", "isDeleted":"true", "size":"0", "version":"1687455245058"}}
{"logTime": "0622/173545", "correlationVector":"EmxQ0T8C+b/xV/H1bA7JMd.2","action":"Commit Response", "result":"SYNCER_OK", "context":Result: SYNCER_OK. cV=EmxQ0T8C+b/xV/H1bA7JMd.0;server=GENERAL01000007;cloudType=Consumer;environment=Prod_SoutheastAsia_000j;migrationStage=NotStarted}
{"logTime": "0622/173955", "correlationVector":"+7XxY3h9brC0XIl9OE13ky","action":"Commit Request", "result":"", "context":Item count: 4
Contributing types: Passwords, Sessions}
{"logTime": "0622/173956", "correlationVector":"+7XxY3h9brC0XIl9OE13ky.1","action":"SyncServerConnectionManagerRequest", "result":"SYNC_SERVER_OK", "context":{"environment":"Prod_SoutheastAsia_000j", "migrationStage":"NotStarted", "server":"GENERAL01000014"}}
{"logTime": "0622/173956", "correlationVector":"+7XxY3h9brC0XIl9OE13ky.2","action":"Commit Response", "result":"SYNCER_OK", "context":Result: SYNCER_OK. cV=+7XxY3h9brC0XIl9OE13ky.0;server=GENERAL01000014;cloudType=Consumer;environment=Prod_SoutheastAsia_000j;migrationStage=NotStarted}
{"logTime": "0622/174230", "correlationVector":"c9uAlbs2JDLCrNg3wrS9Tm","action":"Commit Request", "result":"", "context":Item count: 1
Contributing types: Sessions}
{"logTime": "0622/174230", "correlationVector":"c9uAlbs2JDLCrNg3wrS9Tm.1","action":"SyncServerConnectionManagerRequest", "result":"SYNC_SERVER_OK", "context":{"environment":"Prod_SoutheastAsia_000j", "migrationStage":"NotStarted", "server":"GENERAL01000004"}}
{"logTime": "0622/174230", "correlationVector":"c9uAlbs2JDLCrNg3wrS9Tm.2","action":"Commit Response", "result":"SYNCER_OK", "context":Result: SYNCER_OK. cV=c9uAlbs2JDLCrNg3wrS9Tm.0;server=GENERAL01000004;cloudType=Consumer;environment=Prod_SoutheastAsia_000j;migrationStage=NotStarted}
{"logTime": "0622/174410", "correlationVector":"McdTT9IvUvh5JUHCQ+3F+4","action":"Commit Request", "result":"", "context":Item count: 2
Contributing types: Sessions}
{"logTime": "0622/174410", "correlationVector":"McdTT9IvUvh5JUHCQ+3F+4.1","action":"SyncServerConnectionManagerRequest", "result":"SYNC_SERVER_OK", "context":{"environment":"Prod_SoutheastAsia_000j", "migrationStage":"NotStarted", "server":"GENERAL0100001C"}}
{"logTime": "0622/174410", "correlationVector":"McdTT9IvUvh5JUHCQ+3F+4.2","action":"Commit Response", "result":"SYNCER_OK", "context":Result: SYNCER_OK. cV=McdTT9IvUvh5JUHCQ+3F+4.0;server=GENERAL0100001C;cloudType=Consumer;environment=Prod_SoutheastAsia_000j;migrationStage=NotStarted}
{"logTime": "0622/174444", "correlationVector":"YazeWCZ0oCMIXnQFDjtlfZ","action":"Commit Request", "result":"", "context":Item count: 2
Contributing types: Sessions}
{"logTime": "0622/174444", "correlationVector":"YazeWCZ0oCMIXnQFDjtlfZ.1","action":"SyncServerConnectionManagerRequest", "result":"SYNC_SERVER_OK", "context":{"environment":"Prod_SoutheastAsia_000j", "migrationStage":"NotStarted", "server":"GENERAL0100000L"}}
{"logTime": "0622/174444", "correlationVector":"YazeWCZ0oCMIXnQFDjtlfZ.2","action":"Commit Response", "result":"SYNCER_OK", "context":Result: SYNCER_OK. cV=YazeWCZ0oCMIXnQFDjtlfZ.0;server=GENERAL0100000L;cloudType=Consumer;environment=Prod_SoutheastAsia_000j;migrationStage=NotStarted}
{"logTime": "0622/174527", "correlationVector":"FvQd0KKRRGw5ZqUpCMsedi","action":"Commit Request", "result":"", "context":Item count: 3
Contributing types: Sessions}
{"logTime": "0622/174528", "correlationVector":"FvQd0KKRRGw5ZqUpCMsedi.1","action":"SyncServerConnectionManagerRequest", "result":"SYNC_SERVER_OK", "context":{"environment":"Prod_SoutheastAsia_000j", "migrationStage":"NotStarted", "server":"GENERAL0100000T"}}
{"logTime": "0622/174528", "correlationVector":"FvQd0KKRRGw5ZqUpCMsedi.2","action":"Commit Response", "result":"SYNCER_OK", "context":Result: SYNCER_OK. cV=FvQd0KKRRGw5ZqUpCMsedi.0;server=GENERAL0100000T;cloudType=Consumer;environment=Prod_SoutheastAsia_000j;migrationStage=NotStarted}
{"logTime": "0622/174558", "correlationVector":"A8dzcLdDmTfbixygXFLFB0","action":"Commit Request", "result":"", "context":Item count: 3
Contributing types: Sessions}
{"logTime": "0622/174559", "correlationVector":"A8dzcLdDmTfbixygXFLFB0.1","action":"SyncServerConnectionManagerRequest", "result":"SYNC_SERVER_OK", "context":{"environment":"Prod_SoutheastAsia_000j", "migrationStage":"NotStarted", "server":"GENERAL0100001J"}}
{"logTime": "0622/174559", "correlationVector":"A8dzcLdDmTfbixygXFLFB0.2","action":"Commit Response", "result":"SYNCER_OK", "context":Result: SYNCER_OK. cV=A8dzcLdDmTfbixygXFLFB0.0;server=GENERAL0100001J;cloudType=Consumer;environment=Prod_SoutheastAsia_000j;migrationStage=NotStarted}
{"logTime": "0622/174634", "correlationVector":"D8okspOZfkuL2M9dMoVnos","action":"Commit Request", "result":"", "context":Item count: 1
Contributing types: Sessions}
{"logTime": "0622/174635", "correlationVector":"D8okspOZfkuL2M9dMoVnos.1","action":"SyncServerConnectionManagerRequest", "result":"SYNC_SERVER_OK", "context":{"environment":"Prod_SoutheastAsia_000j", "migrationStage":"NotStarted", "server":"GENERAL0100000W"}}
{"logTime": "0622/174635", "correlationVector":"D8okspOZfkuL2M9dMoVnos.2","action":"Commit Response", "result":"SYNCER_OK", "context":Result: SYNCER_OK. cV=D8okspOZfkuL2M9dMoVnos.0;server=GENERAL0100000W;cloudType=Consumer;environment=Prod_SoutheastAsia_000j;migrationStage=NotStarted}
{"logTime": "0622/175026", "correlationVector":"eTvC+ilM/9oa7MjtnmDkP0","action":"Commit Request", "result":"", "context":Item count: 6
Contributing types: Sessions}
{"logTime": "0622/175027", "correlationVector":"eTvC+ilM/9oa7MjtnmDkP0.1","action":"SyncServerConnectionManagerRequest", "result":"SYNC_SERVER_OK", "context":{"environment":"Prod_SoutheastAsia_000j", "migrationStage":"NotStarted", "server":"GENERAL0100001I"}}
{"logTime": "0622/175027", "correlationVector":"eTvC+ilM/9oa7MjtnmDkP0.3","action":"Commit.Sessions", "result":"Success", "context":{"id":"e7158642-b3a3-4ff9-975b-b5235312d24f", "isDeleted":"true", "size":"0", "version":"1687455958407"}}
{"logTime": "0622/175027", "correlationVector":"eTvC+ilM/9oa7MjtnmDkP0.4","action":"Commit.Sessions", "result":"Success", "context":{"id":"3c5ef9b1-670f-48e3-933e-6bdc08c438fc", "isDeleted":"true", "size":"0", "version":"1687455927807"}}
{"logTime": "0622/175027", "correlationVector":"eTvC+ilM/9oa7MjtnmDkP0.5","action":"Commit.Sessions", "result":"Success", "context":{"id":"5d76078c-f41b-486a-ad93-39ab539ebbcc", "isDeleted":"true", "size":"0", "version":"1687455277975"}}
{"logTime": "0622/175027", "correlationVector":"eTvC+ilM/9oa7MjtnmDkP0.6","action":"Commit.Sessions", "result":"Success", "context":{"id":"feee9a78-5241-433a-b744-5c2587863fb4", "isDeleted":"true", "size":"0", "version":"1687455596226"}}
{"logTime": "0622/175027", "correlationVector":"eTvC+ilM/9oa7MjtnmDkP0.7","action":"Commit.Sessions", "result":"Success", "context":{"id":"ccfe2a07-f0a9-472a-a5e7-a17b4cb5f236", "isDeleted":"true", "size":"0", "version":"1687455995213"}}
{"logTime": "0622/175027", "correlationVector":"eTvC+ilM/9oa7MjtnmDkP0.2","action":"Commit Response", "result":"SYNCER_OK", "context":Result: SYNCER_OK. cV=eTvC+ilM/9oa7MjtnmDkP0.0;server=GENERAL0100001I;cloudType=Consumer;environment=Prod_SoutheastAsia_000j;migrationStage=NotStarted}
{"logTime": "0622/175256", "correlationVector":"o9nAAVSbmUHQwKB/eg0tXV","action":"Commit Request", "result":"", "context":Item count: 2
Contributing types: Sessions}
{"logTime": "0622/175257", "correlationVector":"o9nAAVSbmUHQwKB/eg0tXV.1","action":"SyncServerConnectionManagerRequest", "result":"SYNC_SERVER_OK", "context":{"environment":"Prod_SoutheastAsia_000j", "migrationStage":"NotStarted", "server":"GENERAL0100000E"}}
{"logTime": "0622/175257", "correlationVector":"o9nAAVSbmUHQwKB/eg0tXV.3","action":"Commit.Sessions", "result":"Success", "context":{"id":"11a61827-c429-45b9-9f5b-9d24673c4485", "isDeleted":"true", "size":"0", "version":"1687455750662"}}
{"logTime": "0622/175257", "correlationVector":"o9nAAVSbmUHQwKB/eg0tXV.2","action":"Commit Response", "result":"SYNCER_OK", "context":Result: SYNCER_OK. cV=o9nAAVSbmUHQwKB/eg0tXV.0;server=GENERAL0100000E;cloudType=Consumer;environment=Prod_SoutheastAsia_000j;migrationStage=NotStarted}
{"logTime": "0622/180530", "correlationVector":"lOdPsc87c9VTKy5bcG6d83.0","action":"FeedSettingFetch_homeCloud", "result":"0", "context":{}}
{"logTime": "0622/180530", "correlationVector":"rFDXUdD1YOkV+kvbl/ijPr","action":"Normal GetUpdate request", "result":"", "context":cV=rFDXUdD1YOkV+kvbl/ijPr
Nudged types: Sessions, User Consents
Refresh requested types: Bookmarks, Preferences, Passwords, Autofill, Autofill Custom Data, Typed URLs, Extensions, Sessions, Extension settings, History Delete Directives, Device Info, User Consents, Send Tab To Self, Web Apps, Collection, Edge E Drop, Encryption Keys}
{"logTime": "0622/180531", "correlationVector":"rFDXUdD1YOkV+kvbl/ijPr.1","action":"SyncServerConnectionManagerRequest", "result":"SYNC_SERVER_OK", "context":{"environment":"Prod_SoutheastAsia_000j", "migrationStage":"NotStarted", "server":"GENERAL01000004"}}
{"logTime": "0622/180531", "correlationVector":"rFDXUdD1YOkV+kvbl/ijPr.2","action":"GetUpdates", "result":"DeleteReceived", "context":{"id":"c9a11216-aae6-4770-989e-4577a4b169d3", "isDeleted:":"true", "version":"1687454400973"}}
{"logTime": "0622/180531", "correlationVector":"rFDXUdD1YOkV+kvbl/ijPr.3","action":"GetUpdates", "result":"DeleteReceived", "context":{"id":"5694ecaf-d4ee-49a1-b947-c833d30651bc", "isDeleted:":"true", "version":"1687454400974"}}
{"logTime": "0622/180531", "correlationVector":"rFDXUdD1YOkV+kvbl/ijPr.4","action":"GetUpdates", "result":"DeleteReceived", "context":{"id":"f6fc795a-feec-4f0f-a545-8f270954ec9b", "isDeleted:":"true", "version":"1687455245055"}}
{"logTime": "0622/180531", "correlationVector":"rFDXUdD1YOkV+kvbl/ijPr.5","action":"GetUpdates", "result":"DeleteReceived", "context":{"id":"3f842be5-2168-4f4a-ac21-6ceb589f538c", "isDeleted:":"true", "version":"1687454555304"}}
{"logTime": "0622/180531", "correlationVector":"rFDXUdD1YOkV+kvbl/ijPr.6","action":"GetUpdates", "result":"DeleteReceived", "context":{"id":"53ad9157-8a89-4fce-b9ea-3ce52c63d12b", "isDeleted:":"true", "version":"1687454555306"}}
{"logTime": "0622/180531", "correlationVector":"rFDXUdD1YOkV+kvbl/ijPr.7","action":"GetUpdates", "result":"DeleteReceived", "context":{"id":"25f801fb-e8b6-4ebb-8567-fa3d94e7a8fd", "isDeleted:":"true", "version":"1687454555309"}}
{"logTime": "0622/180531", "correlationVector":"rFDXUdD1YOkV+kvbl/ijPr.8","action":"GetUpdates", "result":"DeleteReceived", "context":{"id":"c7a44506-eab7-4934-948f-2b3da13027a2", "isDeleted:":"true", "version":"1687454808721"}}
{"logTime": "0622/180531", "correlationVector":"rFDXUdD1YOkV+kvbl/ijPr.9","action":"GetUpdates", "result":"DeleteReceived", "context":{"id":"792c3b68-2e2e-4091-9a90-2452bca0b103", "isDeleted:":"true", "version":"1687454808722"}}
{"logTime": "0622/180531", "correlationVector":"rFDXUdD1YOkV+kvbl/ijPr.10","action":"GetUpdates", "result":"DeleteReceived", "context":{"id":"c680b814-fbfc-40a5-bfaa-a597c93b67b7", "isDeleted:":"true", "version":"1687454808723"}}
{"logTime": "0622/180531", "correlationVector":"rFDXUdD1YOkV+kvbl/ijPr.11","action":"GetUpdates", "result":"DeleteReceived", "context":{"id":"b52f60d6-08ab-4abf-be25-b53601537b98", "isDeleted:":"true", "version":"1687454808724"}}
{"logTime": "0622/180531", "correlationVector":"rFDXUdD1YOkV+kvbl/ijPr.12","action":"GetUpdates", "result":"DeleteReceived", "context":{"id":"3e4f043e-1178-4482-95a6-c3608e653f84", "isDeleted:":"true", "version":"1687454808725"}}
{"logTime": "0622/180531", "correlationVector":"rFDXUdD1YOkV+kvbl/ijPr.13","action":"GetUpdates", "result":"DeleteReceived", "context":{"id":"55d3314a-e872-4d2c-ac13-46dcf5be7c46", "isDeleted:":"true", "version":"1687455277974"}}
{"logTime": "0622/180531", "correlationVector":"rFDXUdD1YOkV+kvbl/ijPr.14","action":"GetUpdates", "result":"DeleteReceived", "context":{"id":"3a51009b-a2cc-4400-a50e-d40164104ddf", "isDeleted:":"true", "version":"1687455345654"}}
{"logTime": "0622/180531", "correlationVector":"rFDXUdD1YOkV+kvbl/ijPr.15","action":"GetUpdates", "result":"DeleteReceived", "context":{"id":"e7158642-b3a3-4ff9-975b-b5235312d24f", "isDeleted:":"true", "version":"1687456226710"}}
{"logTime": "0622/180531", "correlationVector":"rFDXUdD1YOkV+kvbl/ijPr.16","action":"GetUpdates", "result":"DeleteReceived", "context":{"id":"3c5ef9b1-670f-48e3-933e-6bdc08c438fc", "isDeleted:":"true", "version":"1687456226711"}}
{"logTime": "0622/180531", "correlationVector":"rFDXUdD1YOkV+kvbl/ijPr.17","action":"GetUpdates", "result":"DeleteReceived", "context":{"id":"5d76078c-f41b-486a-ad93-39ab539ebbcc", "isDeleted:":"true", "version":"1687456226712"}}
{"logTime": "0622/180531", "correlationVector":"rFDXUdD1YOkV+kvbl/ijPr.18","action":"GetUpdates", "result":"DeleteReceived", "context":{"id":"feee9a78-5241-433a-b744-5c2587863fb4", "isDeleted:":"true", "version":"1687456226713"}}
{"logTime": "0622/180531", "correlationVector":"rFDXUdD1YOkV+kvbl/ijPr.19","action":"GetUpdates", "result":"DeleteReceived", "context":{"id":"ccfe2a07-f0a9-472a-a5e7-a17b4cb5f236", "isDeleted:":"true", "version":"1687456226714"}}
{"logTime": "0622/180531", "correlationVector":"rFDXUdD1YOkV+kvbl/ijPr.20","action":"GetUpdates", "result":"DeleteReceived", "context":{"id":"11a61827-c429-45b9-9f5b-9d24673c4485", "isDeleted:":"true", "version":"1687456376851"}}
{"logTime": "0622/180531", "correlationVector":"rFDXUdD1YOkV+kvbl/ijPr.21","action":"GetUpdates", "result":"DeleteReceived", "context":{"id":"65139a73-1fa6-4b85-93a3-feafc896545b", "isDeleted:":"true", "version":"1687456423979"}}
{"logTime": "0622/180531", "correlationVector":"rFDXUdD1YOkV+kvbl/ijPr.22","action":"GetUpdates Response", "result":"SYNCER_OK", "context":Received 48 update(s). cV=rFDXUdD1YOkV+kvbl/ijPr.0;server=GENERAL01000004;cloudType=Consumer;environment=Prod_SoutheastAsia_000j;migrationStage=NotStarted}
{"logTime": "0622/180531", "correlationVector":"/Z9xVW45K9YDHKDLYemjms","action":"Commit Request", "result":"", "context":Item count: 4
Contributing types: Sessions, User Consents}
{"logTime": "0622/180532", "correlationVector":"/Z9xVW45K9YDHKDLYemjms.1","action":"SyncServerConnectionManagerRequest", "result":"SYNC_SERVER_OK", "context":{"environment":"Prod_SoutheastAsia_000j", "migrationStage":"NotStarted", "server":"GENERAL0100001H"}}
{"logTime": "0622/180532", "correlationVector":"/Z9xVW45K9YDHKDLYemjms.3","action":"Commit.Sessions", "result":"Success", "context":{"id":"e0c26e8a-091c-4e34-9227-2f9724170185", "isDeleted":"true", "size":"0", "version":"1687455245059"}}
{"logTime": "0622/180532", "correlationVector":"/Z9xVW45K9YDHKDLYemjms.2","action":"Commit Response", "result":"SYNCER_OK", "context":Result: SYNCER_OK. cV=/Z9xVW45K9YDHKDLYemjms.0;server=GENERAL0100001H;cloudType=Consumer;environment=Prod_SoutheastAsia_000j;migrationStage=NotStarted}
{"logTime": "0622/180532", "correlationVector":"fQclB9q72K+INOXHFV8yI6","action":"Normal GetUpdate request", "result":"", "context":cV=fQclB9q72K+INOXHFV8yI6
Nudged types: Sessions
Notified types: Typed URLs}
{"logTime": "0622/180533", "correlationVector":"fQclB9q72K+INOXHFV8yI6.1","action":"SyncServerConnectionManagerRequest", "result":"SYNC_SERVER_OK", "context":{"environment":"Prod_SoutheastAsia_000j", "migrationStage":"NotStarted", "server":"GENERAL0100000E"}}
{"logTime": "0622/180533", "correlationVector":"fQclB9q72K+INOXHFV8yI6.2","action":"GetUpdates", "result":"DeleteReceived", "context":{"id":"e0c26e8a-091c-4e34-9227-2f9724170185", "isDeleted:":"true", "version":"1687457132116"}}
{"logTime": "0622/180533", "correlationVector":"fQclB9q72K+INOXHFV8yI6.3","action":"GetUpdates Response", "result":"SYNCER_OK", "context":Received 3 update(s). cV=fQclB9q72K+INOXHFV8yI6.0;server=GENERAL0100000E;cloudType=Consumer;environment=Prod_SoutheastAsia_000j;migrationStage=NotStarted}
{"logTime": "0622/180612", "correlationVector":"kioe+G7X/zb7m/xIDeo+e1","action":"Commit Request", "result":"", "context":Item count: 4
Contributing types: Sessions}
{"logTime": "0622/180613", "correlationVector":"kioe+G7X/zb7m/xIDeo+e1.1","action":"SyncServerConnectionManagerRequest", "result":"SYNC_SERVER_OK", "context":{"environment":"Prod_SoutheastAsia_000j", "migrationStage":"NotStarted", "server":"GENERAL0100000V"}}
{"logTime": "0622/180613", "correlationVector":"kioe+G7X/zb7m/xIDeo+e1.2","action":"Commit Response", "result":"SYNCER_OK", "context":Result: SYNCER_OK. cV=kioe+G7X/zb7m/xIDeo+e1.0;server=GENERAL0100000V;cloudType=Consumer;environment=Prod_SoutheastAsia_000j;migrationStage=NotStarted}
{"logTime": "0622/180643", "correlationVector":"TNMFuuTqVBN1QtymJRsEcA","action":"Commit Request", "result":"", "context":Item count: 3
Contributing types: Sessions}
{"logTime": "0622/180643", "correlationVector":"TNMFuuTqVBN1QtymJRsEcA.1","action":"SyncServerConnectionManagerRequest", "result":"SYNC_SERVER_OK", "context":{"environment":"Prod_SoutheastAsia_000j", "migrationStage":"NotStarted", "server":"GENERAL0100000T"}}
{"logTime": "0622/180643", "correlationVector":"TNMFuuTqVBN1QtymJRsEcA.2","action":"Commit Response", "result":"SYNCER_OK", "context":Result: SYNCER_OK. cV=TNMFuuTqVBN1QtymJRsEcA.0;server=GENERAL0100000T;cloudType=Consumer;environment=Prod_SoutheastAsia_000j;migrationStage=NotStarted}
{"logTime": "0622/180717", "correlationVector":"fHldjxc8SDJRgyZ4aTMoed","action":"Commit Request", "result":"", "context":Item count: 1
Contributing types: Sessions}
{"logTime": "0622/180718", "correlationVector":"fHldjxc8SDJRgyZ4aTMoed.1","action":"SyncServerConnectionManagerRequest", "result":"SYNC_SERVER_OK", "context":{"environment":"Prod_SoutheastAsia_000j", "migrationStage":"NotStarted", "server":"GENERAL01000002"}}
{"logTime": "0622/180718", "correlationVector":"fHldjxc8SDJRgyZ4aTMoed.2","action":"Commit Response", "result":"SYNCER_OK", "context":Result: SYNCER_OK. cV=fHldjxc8SDJRgyZ4aTMoed.0;server=GENERAL01000002;cloudType=Consumer;environment=Prod_SoutheastAsia_000j;migrationStage=NotStarted}
{"logTime": "0622/181008", "correlationVector":"e5T8dW6fK9UIDdYQx6gLnj","action":"Commit Request", "result":"", "context":Item count: 3
Contributing types: Sessions}
{"logTime": "0622/181009", "correlationVector":"e5T8dW6fK9UIDdYQx6gLnj.1","action":"SyncServerConnectionManagerRequest", "result":"SYNC_SERVER_OK", "context":{"environment":"Prod_SoutheastAsia_000j", "migrationStage":"NotStarted", "server":"GENERAL0100000V"}}
{"logTime": "0622/181009", "correlationVector":"e5T8dW6fK9UIDdYQx6gLnj.2","action":"Commit Response", "result":"SYNCER_OK", "context":Result: SYNCER_OK. cV=e5T8dW6fK9UIDdYQx6gLnj.0;server=GENERAL0100000V;cloudType=Consumer;environment=Prod_SoutheastAsia_000j;migrationStage=NotStarted}
{"logTime": "0622/181227", "correlationVector":"+tdjgRxM0rA1W+TjbHyaYD","action":"Commit Request", "result":"", "context":Item count: 4
Contributing types: Sessions}
{"logTime": "0622/181227", "correlationVector":"+tdjgRxM0rA1W+TjbHyaYD.1","action":"SyncServerConnectionManagerRequest", "result":"SYNC_SERVER_OK", "context":{"environment":"Prod_SoutheastAsia_000j", "migrationStage":"NotStarted", "server":"GENERAL01000001"}}
{"logTime": "0622/181227", "correlationVector":"+tdjgRxM0rA1W+TjbHyaYD.3","action":"Commit.Sessions", "result":"Success", "context":{"id":"1568cba0-ae11-43e8-b3ec-9c7d5f9a6387", "isDeleted":"true", "size":"0", "version":"1687457409109"}}
{"logTime": "0622/181227", "correlationVector":"+tdjgRxM0rA1W+TjbHyaYD.2","action":"Commit Response", "result":"SYNCER_OK", "context":Result: SYNCER_OK. cV=+tdjgRxM0rA1W+TjbHyaYD.0;server=GENERAL01000001;cloudType=Consumer;environment=Prod_SoutheastAsia_000j;migrationStage=NotStarted}
{"logTime": "0622/181304", "correlationVector":"ETL1QsLFvezC7spz71J+7h","action":"Commit Request", "result":"", "context":Item count: 5
Contributing types: Sessions}
{"logTime": "0622/181304", "correlationVector":"ETL1QsLFvezC7spz71J+7h.1","action":"SyncServerConnectionManagerRequest", "result":"SYNC_SERVER_OK", "context":{"environment":"Prod_SoutheastAsia_000j", "migrationStage":"NotStarted", "server":"GENERAL0100001D"}}
{"logTime": "0622/181304", "correlationVector":"ETL1QsLFvezC7spz71J+7h.3","action":"Commit.Sessions", "result":"Success", "context":{"id":"6205eb2f-86c9-42a8-8020-b63eead549c6", "isDeleted":"true", "size":"0", "version":"1687457547372"}}
{"logTime": "0622/181304", "correlationVector":"ETL1QsLFvezC7spz71J+7h.4","action":"Commit.Sessions", "result":"Success", "context":{"id":"d60d9b63-897d-4217-83aa-5cedf00219b6", "isDeleted":"true", "size":"0", "version":"1687457172795"}}
{"logTime": "0622/181304", "correlationVector":"ETL1QsLFvezC7spz71J+7h.5","action":"Commit.Sessions", "result":"Success", "context":{"id":"f0c67fb4-d2dd-4bd9-a144-db8a32704d57", "isDeleted":"true", "size":"0", "version":"1687457203367"}}
{"logTime": "0622/181304", "correlationVector":"ETL1QsLFvezC7spz71J+7h.2","action":"Commit Response", "result":"SYNCER_OK", "context":Result: SYNCER_OK. cV=ETL1QsLFvezC7spz71J+7h.0;server=GENERAL0100001D;cloudType=Consumer;environment=Prod_SoutheastAsia_000j;migrationStage=NotStarted}
{"logTime": "0622/181335", "correlationVector":"taU8/Lyo2RN5vd6GG77u3r","action":"Commit Request", "result":"", "context":Item count: 3
Contributing types: Sessions}
{"logTime": "0622/181335", "correlationVector":"taU8/Lyo2RN5vd6GG77u3r.1","action":"SyncServerConnectionManagerRequest", "result":"SYNC_SERVER_OK", "context":{"environment":"Prod_SoutheastAsia_000j", "migrationStage":"NotStarted", "server":"GENERAL0100000T"}}
{"logTime": "0622/181335", "correlationVector":"taU8/Lyo2RN5vd6GG77u3r.3","action":"Commit.Sessions", "result":"Success", "context":{"id":"b0f0047b-015c-4baf-84e7-114fdd70ad4c", "isDeleted":"true", "size":"0", "version":"1687457584466"}}
{"logTime": "0622/181335", "correlationVector":"taU8/Lyo2RN5vd6GG77u3r.2","action":"Commit Response", "result":"SYNCER_OK", "context":Result: SYNCER_OK. cV=taU8/Lyo2RN5vd6GG77u3r.0;server=GENERAL0100000T;cloudType=Consumer;environment=Prod_SoutheastAsia_000j;migrationStage=NotStarted}
{"logTime": "0622/181454", "correlationVector":"0UJL2ToS/K4JwHH+j0MAVz","action":"Commit Request", "result":"", "context":Item count: 1
Contributing types: Sessions}
{"logTime": "0622/181455", "correlationVector":"0UJL2ToS/K4JwHH+j0MAVz.1","action":"SyncServerConnectionManagerRequest", "result":"SYNC_SERVER_OK", "context":{"environment":"Prod_SoutheastAsia_000j", "migrationStage":"NotStarted", "server":"GENERAL0100000O"}}
{"logTime": "0622/181455", "correlationVector":"0UJL2ToS/K4JwHH+j0MAVz.2","action":"Commit Response", "result":"SYNCER_OK", "context":Result: SYNCER_OK. cV=0UJL2ToS/K4JwHH+j0MAVz.0;server=GENERAL0100000O;cloudType=Consumer;environment=Prod_SoutheastAsia_000j;migrationStage=NotStarted}
{"logTime": "0622/181528", "correlationVector":"MdIzeTQptQe6v0YAuoXk6B","action":"Commit Request", "result":"", "context":Item count: 1
Contributing types: Sessions}
{"logTime": "0622/181528", "correlationVector":"MdIzeTQptQe6v0YAuoXk6B.1","action":"SyncServerConnectionManagerRequest", "result":"SYNC_SERVER_OK", "context":{"environment":"Prod_SoutheastAsia_000j", "migrationStage":"NotStarted", "server":"general0100001F"}}
{"logTime": "0622/181528", "correlationVector":"MdIzeTQptQe6v0YAuoXk6B.2","action":"Commit Response", "result":"SYNCER_OK", "context":Result: SYNCER_OK. cV=MdIzeTQptQe6v0YAuoXk6B.0;server=general0100001F;cloudType=Consumer;environment=Prod_SoutheastAsia_000j;migrationStage=NotStarted}
{"logTime": "0622/181646", "correlationVector":"W3zsovXQ+lBNCjRMfTdC4s","action":"Commit Request", "result":"", "context":Item count: 3
Contributing types: Sessions}
{"logTime": "0622/181647", "correlationVector":"W3zsovXQ+lBNCjRMfTdC4s.1","action":"SyncServerConnectionManagerRequest", "result":"SYNC_SERVER_OK", "context":{"environment":"Prod_SoutheastAsia_000j", "migrationStage":"NotStarted", "server":"general01000009"}}
{"logTime": "0622/181647", "correlationVector":"W3zsovXQ+lBNCjRMfTdC4s.2","action":"Commit Response", "result":"SYNCER_OK", "context":Result: SYNCER_OK. cV=W3zsovXQ+lBNCjRMfTdC4s.0;server=general01000009;cloudType=Consumer;environment=Prod_SoutheastAsia_000j;migrationStage=NotStarted}
{"logTime": "0622/181718", "correlationVector":"lPV0lkNFM1zhjCY+PDFLYN","action":"Commit Request", "result":"", "context":Item count: 1
Contributing types: Sessions}
{"logTime": "0622/181719", "correlationVector":"lPV0lkNFM1zhjCY+PDFLYN.1","action":"SyncServerConnectionManagerRequest", "result":"SYNC_SERVER_OK", "context":{"environment":"Prod_SoutheastAsia_000j", "migrationStage":"NotStarted", "server":"GENERAL01000007"}}
{"logTime": "0622/181719", "correlationVector":"lPV0lkNFM1zhjCY+PDFLYN.2","action":"Commit Response", "result":"SYNCER_OK", "context":Result: SYNCER_OK. cV=lPV0lkNFM1zhjCY+PDFLYN.0;server=GENERAL01000007;cloudType=Consumer;environment=Prod_SoutheastAsia_000j;migrationStage=NotStarted}
{"logTime": "0622/182017", "correlationVector":"n0SVf41vWzx4IK8g57QOii","action":"Commit Request", "result":"", "context":Item count: 4
Contributing types: Sessions}
{"logTime": "0622/182017", "correlationVector":"n0SVf41vWzx4IK8g57QOii.1","action":"SyncServerConnectionManagerRequest", "result":"SYNC_SERVER_OK", "context":{"environment":"Prod_SoutheastAsia_000j", "migrationStage":"NotStarted", "server":"GENERAL0100000X"}}
{"logTime": "0622/182017", "correlationVector":"n0SVf41vWzx4IK8g57QOii.3","action":"Commit.Sessions", "result":"Success", "context":{"id":"c5eb3966-1e30-46b6-bb1e-9b25dc0e21d6", "isDeleted":"true", "size":"0", "version":"1687457807123"}}
{"logTime": "0622/182017", "correlationVector":"n0SVf41vWzx4IK8g57QOii.2","action":"Commit Response", "result":"SYNCER_OK", "context":Result: SYNCER_OK. cV=n0SVf41vWzx4IK8g57QOii.0;server=GENERAL0100000X;cloudType=Consumer;environment=Prod_SoutheastAsia_000j;migrationStage=NotStarted}
{"logTime": "0622/182128", "correlationVector":"MoLdRlZteAHHC7KGeQ99Os","action":"Commit Request", "result":"", "context":Item count: 2
Contributing types: Sessions}
{"logTime": "0622/182128", "correlationVector":"MoLdRlZteAHHC7KGeQ99Os.1","action":"SyncServerConnectionManagerRequest", "result":"SYNC_SERVER_OK", "context":{"environment":"Prod_SoutheastAsia_000j", "migrationStage":"NotStarted", "server":"GENERAL01000001"}}
{"logTime": "0622/182128", "correlationVector":"MoLdRlZteAHHC7KGeQ99Os.3","action":"Commit.Sessions", "result":"Success", "context":{"id":"bfa346e5-d3b5-4656-9d7c-a0f1526032da", "isDeleted":"true", "size":"0", "version":"1687458017369"}}
{"logTime": "0622/182128", "correlationVector":"MoLdRlZteAHHC7KGeQ99Os.2","action":"Commit Response", "result":"SYNCER_OK", "context":Result: SYNCER_OK. cV=MoLdRlZteAHHC7KGeQ99Os.0;server=GENERAL01000001;cloudType=Consumer;environment=Prod_SoutheastAsia_000j;migrationStage=NotStarted}
{"logTime": "0622/182205", "correlationVector":"bCFLbGmCWC0uboCM9t5+Ig","action":"Commit Request", "result":"", "context":Item count: 3
Contributing types: Sessions}
{"logTime": "0622/182206", "correlationVector":"bCFLbGmCWC0uboCM9t5+Ig.1","action":"SyncServerConnectionManagerRequest", "result":"SYNC_SERVER_OK", "context":{"environment":"Prod_SoutheastAsia_000j", "migrationStage":"NotStarted", "server":"GENERAL0100000L"}}
{"logTime": "0622/182206", "correlationVector":"bCFLbGmCWC0uboCM9t5+Ig.2","action":"Commit Response", "result":"SYNCER_OK", "context":Result: SYNCER_OK. cV=bCFLbGmCWC0uboCM9t5+Ig.0;server=GENERAL0100000L;cloudType=Consumer;environment=Prod_SoutheastAsia_000j;migrationStage=NotStarted}
{"logTime": "0622/182309", "correlationVector":"qfifPMtKSiQ+Ddu0ezS5ss","action":"Commit Request", "result":"", "context":Item count: 2
Contributing types: Sessions}
{"logTime": "0622/182310", "correlationVector":"qfifPMtKSiQ+Ddu0ezS5ss.1","action":"SyncServerConnectionManagerRequest", "result":"SYNC_SERVER_OK", "context":{"environment":"Prod_SoutheastAsia_000j", "migrationStage":"NotStarted", "server":"GENERAL0100001L"}}
{"logTime": "0622/182310", "correlationVector":"qfifPMtKSiQ+Ddu0ezS5ss.2","action":"Commit Response", "result":"SYNCER_OK", "context":Result: SYNCER_OK. cV=qfifPMtKSiQ+Ddu0ezS5ss.0;server=GENERAL0100001L;cloudType=Consumer;environment=Prod_SoutheastAsia_000j;migrationStage=NotStarted}
{"logTime": "0622/182322", "correlationVector":"C6obn0j8PDcgWZOCohrPO1","action":"Commit Request", "result":"", "context":Item count: 1
Contributing types: Device Info}
{"logTime": "0622/182323", "correlationVector":"C6obn0j8PDcgWZOCohrPO1.1","action":"SyncServerConnectionManagerRequest", "result":"SYNC_SERVER_OK", "context":{"environment":"Prod_SoutheastAsia_000j", "migrationStage":"NotStarted", "server":"GENERAL01000003"}}
{"logTime": "0622/182323", "correlationVector":"C6obn0j8PDcgWZOCohrPO1.2","action":"Commit Response", "result":"SYNCER_OK", "context":Result: SYNCER_OK. cV=C6obn0j8PDcgWZOCohrPO1.0;server=GENERAL01000003;cloudType=Consumer;environment=Prod_SoutheastAsia_000j;migrationStage=NotStarted}
{"logTime": "0622/182505", "correlationVector":"F2pVGAG4+3lcZqB8zQieV4","action":"Commit Request", "result":"", "context":Item count: 4
Contributing types: Sessions}
{"logTime": "0622/182506", "correlationVector":"F2pVGAG4+3lcZqB8zQieV4.1","action":"SyncServerConnectionManagerRequest", "result":"SYNC_SERVER_OK", "context":{"environment":"Prod_SoutheastAsia_000j", "migrationStage":"NotStarted", "server":"GENERAL0100000O"}}
{"logTime": "0622/182506", "correlationVector":"F2pVGAG4+3lcZqB8zQieV4.3","action":"Commit.Sessions", "result":"Success", "context":{"id":"1024868f-4308-4670-8cc5-fd5dffaa358c", "isDeleted":"true", "size":"0", "version":"1687457172794"}}
{"logTime": "0622/182506", "correlationVector":"F2pVGAG4+3lcZqB8zQieV4.4","action":"Commit.Sessions", "result":"Success", "context":{"id":"62b29114-f8f5-4556-aafd-ba84732d8054", "isDeleted":"true", "size":"0", "version":"1687458017370"}}
{"logTime": "0622/182506", "correlationVector":"F2pVGAG4+3lcZqB8zQieV4.5","action":"Commit.Sessions", "result":"Success", "context":{"id":"b3873cba-e953-436d-acbb-6dc73dc12eef", "isDeleted":"true", "size":"0", "version":"1687458125721"}}
{"logTime": "0622/182506", "correlationVector":"F2pVGAG4+3lcZqB8zQieV4.2","action":"Commit Response", "result":"SYNCER_OK", "context":Result: SYNCER_OK. cV=F2pVGAG4+3lcZqB8zQieV4.0;server=GENERAL0100000O;cloudType=Consumer;environment=Prod_SoutheastAsia_000j;migrationStage=NotStarted}
{"logTime": "0622/183200", "correlationVector":"sSoyKRyvK44k0rYmo9p657","action":"Commit Request", "result":"", "context":Item count: 2
Contributing types: Sessions}
{"logTime": "0622/183201", "correlationVector":"sSoyKRyvK44k0rYmo9p657.1","action":"SyncServerConnectionManagerRequest", "result":"SYNC_SERVER_OK", "context":{"environment":"Prod_SoutheastAsia_000j", "migrationStage":"NotStarted", "server":"GENERAL0100001C"}}
{"logTime": "0622/183201", "correlationVector":"sSoyKRyvK44k0rYmo9p657.2","action":"Commit Response", "result":"SYNCER_OK", "context":Result: SYNCER_OK. cV=sSoyKRyvK44k0rYmo9p657.0;server=GENERAL0100001C;cloudType=Consumer;environment=Prod_SoutheastAsia_000j;migrationStage=NotStarted}
{"logTime": "0622/183232", "correlationVector":"QWZbPTBrAYmFhsi7gtV44R","action":"Commit Request", "result":"", "context":Item count: 1
Contributing types: Sessions}
{"logTime": "0622/183233", "correlationVector":"QWZbPTBrAYmFhsi7gtV44R.1","action":"SyncServerConnectionManagerRequest", "result":"SYNC_SERVER_OK", "context":{"environment":"Prod_SoutheastAsia_000j", "migrationStage":"NotStarted", "server":"GENERAL0100000P"}}
{"logTime": "0622/183233", "correlationVector":"QWZbPTBrAYmFhsi7gtV44R.3","action":"Commit.Sessions", "result":"Success", "context":{"id":"32094ce7-a391-40bb-8c0a-8a9b8527e0ea", "isDeleted":"true", "size":"0", "version":"1687458721056"}}
{"logTime": "0622/183233", "correlationVector":"QWZbPTBrAYmFhsi7gtV44R.2","action":"Commit Response", "result":"SYNCER_OK", "context":Result: SYNCER_OK. cV=QWZbPTBrAYmFhsi7gtV44R.0;server=GENERAL0100000P;cloudType=Consumer;environment=Prod_SoutheastAsia_000j;migrationStage=NotStarted}
{"logTime": "0622/184020", "correlationVector":"ZR4o+zXcfgahBdxRumAEQ9","action":"Commit Request", "result":"", "context":Item count: 1
Contributing types: Sessions}
{"logTime": "0622/184021", "correlationVector":"ZR4o+zXcfgahBdxRumAEQ9.1","action":"SyncServerConnectionManagerRequest", "result":"SYNC_SERVER_OK", "context":{"environment":"Prod_SoutheastAsia_000j", "migrationStage":"NotStarted", "server":"GENERAL0100000Y"}}
{"logTime": "0622/184021", "correlationVector":"ZR4o+zXcfgahBdxRumAEQ9.2","action":"Commit Response", "result":"SYNCER_OK", "context":Result: SYNCER_OK. cV=ZR4o+zXcfgahBdxRumAEQ9.0;server=GENERAL0100000Y;cloudType=Consumer;environment=Prod_SoutheastAsia_000j;migrationStage=NotStarted}
{"logTime": "0622/184726", "correlationVector":"yqO44b2McvSv2HLQzTRo9x","action":"Commit Request", "result":"", "context":Item count: 2
Contributing types: Sessions}
{"logTime": "0622/184726", "correlationVector":"yqO44b2McvSv2HLQzTRo9x.1","action":"SyncServerConnectionManagerRequest", "result":"SYNC_SERVER_OK", "context":{"environment":"Prod_SoutheastAsia_000j", "migrationStage":"NotStarted", "server":"GENERAL0100000A"}}
{"logTime": "0622/184726", "correlationVector":"yqO44b2McvSv2HLQzTRo9x.3","action":"Commit.Sessions", "result":"Success", "context":{"id":"3d334a16-3a9d-4d3e-99bc-241d0f8ca4d5", "isDeleted":"true", "size":"0", "version":"1687459221001"}}
{"logTime": "0622/184726", "correlationVector":"yqO44b2McvSv2HLQzTRo9x.2","action":"Commit Response", "result":"SYNCER_OK", "context":Result: SYNCER_OK. cV=yqO44b2McvSv2HLQzTRo9x.0;server=GENERAL0100000A;cloudType=Consumer;environment=Prod_SoutheastAsia_000j;migrationStage=NotStarted}
{"logTime": "0623/015106", "correlationVector":"25u/FA3hyH/Harty03ASI6","action":"Commit Request", "result":"", "context":Item count: 2
Contributing types: Sessions}
{"logTime": "0623/015106", "correlationVector":"25u/FA3hyH/Harty03ASI6.1","action":"SyncServerConnectionManagerRequest", "result":"SYNC_AUTH_ERROR", "context":{"environment":"Prod_SoutheastAsia_000j", "migrationStage":"NotStarted", "server":"GENERAL01000015"}}
{"logTime": "0623/015106", "correlationVector":"25u/FA3hyH/Harty03ASI6.2","action":"Commit Response", "result":"SYNC_AUTH_ERROR (HTTP 401)", "context":Result: SYNC_AUTH_ERROR (HTTP 401). cV=25u/FA3hyH/Harty03ASI6.0;server=GENERAL01000015;cloudType=Undetermined;environment=Prod_SoutheastAsia_000j;migrationStage=NotStarted}
{"logTime": "0623/015107", "correlationVector":"Itu7rRJ3vjDgp8BcGr93g3","action":"Commit Request", "result":"", "context":Item count: 2
Contributing types: Sessions}
{"logTime": "0623/015108", "correlationVector":"Itu7rRJ3vjDgp8BcGr93g3.1","action":"SyncServerConnectionManagerRequest", "result":"SYNC_SERVER_OK", "context":{"environment":"Prod_SoutheastAsia_000j", "migrationStage":"NotStarted", "server":"GENERAL0100001L"}}
{"logTime": "0623/015108", "correlationVector":"Itu7rRJ3vjDgp8BcGr93g3.2","action":"Commit Response", "result":"SYNCER_OK", "context":Result: SYNCER_OK. cV=Itu7rRJ3vjDgp8BcGr93g3.0;server=GENERAL0100001L;cloudType=Consumer;environment=Prod_SoutheastAsia_000j;migrationStage=NotStarted}
{"logTime": "0623/015157", "correlationVector":"9AgRDKEsqONUihp5jXJ/TW","action":"Commit Request", "result":"", "context":Item count: 1
Contributing types: Sessions}
{"logTime": "0623/015157", "correlationVector":"9AgRDKEsqONUihp5jXJ/TW.1","action":"SyncServerConnectionManagerRequest", "result":"SYNC_SERVER_OK", "context":{"environment":"Prod_SoutheastAsia_000j", "migrationStage":"NotStarted", "server":"general0100001F"}}
{"logTime": "0623/015157", "correlationVector":"9AgRDKEsqONUihp5jXJ/TW.2","action":"Commit Response", "result":"SYNCER_OK", "context":Result: SYNCER_OK. cV=9AgRDKEsqONUihp5jXJ/TW.0;server=general0100001F;cloudType=Consumer;environment=Prod_SoutheastAsia_000j;migrationStage=NotStarted}
{"logTime": "0623/015409", "correlationVector":"rhK3CDJManYtF89/ko1iVo","action":"Commit Request", "result":"", "context":Item count: 1
Contributing types: Sessions}
{"logTime": "0623/015409", "correlationVector":"rhK3CDJManYtF89/ko1iVo.1","action":"SyncServerConnectionManagerRequest", "result":"SYNC_SERVER_OK", "context":{"environment":"Prod_SoutheastAsia_000j", "migrationStage":"NotStarted", "server":"general0100000F"}}
{"logTime": "0623/015409", "correlationVector":"rhK3CDJManYtF89/ko1iVo.2","action":"Commit Response", "result":"SYNCER_OK", "context":Result: SYNCER_OK. cV=rhK3CDJManYtF89/ko1iVo.0;server=general0100000F;cloudType=Consumer;environment=Prod_SoutheastAsia_000j;migrationStage=NotStarted}
{"logTime": "0623/015738", "correlationVector":"DmzuGvmKODdVdvTI1oQik9","action":"Commit Request", "result":"", "context":Item count: 4
Contributing types: Sessions}
{"logTime": "0623/015740", "correlationVector":"DmzuGvmKODdVdvTI1oQik9.1","action":"SyncServerConnectionManagerRequest", "result":"SYNC_SERVER_OK", "context":{"environment":"Prod_SoutheastAsia_000j", "migrationStage":"NotStarted", "server":"general01000013"}}
{"logTime": "0623/015740", "correlationVector":"DmzuGvmKODdVdvTI1oQik9.2","action":"Commit Response", "result":"SYNCER_OK", "context":Result: SYNCER_OK. cV=DmzuGvmKODdVdvTI1oQik9.0;server=general01000013;cloudType=Consumer;environment=Prod_SoutheastAsia_000j;migrationStage=NotStarted}
{"logTime": "0623/020038", "correlationVector":"eHiU9xHsg8fjRG4Pru+tUE","action":"Commit Request", "result":"", "context":Item count: 3
Contributing types: Sessions}
{"logTime": "0623/020039", "correlationVector":"eHiU9xHsg8fjRG4Pru+tUE.1","action":"SyncServerConnectionManagerRequest", "result":"SYNC_SERVER_OK", "context":{"environment":"Prod_SoutheastAsia_000j", "migrationStage":"NotStarted", "server":"GENERAL01000008"}}
{"logTime": "0623/020039", "correlationVector":"eHiU9xHsg8fjRG4Pru+tUE.3","action":"Commit.Sessions", "result":"Success", "context":{"id":"5994142c-edc4-4739-bdaf-c8c6fbe098dc", "isDeleted":"true", "size":"0", "version":"1687485461330"}}
{"logTime": "0623/020039", "correlationVector":"eHiU9xHsg8fjRG4Pru+tUE.2","action":"Commit Response", "result":"SYNCER_OK", "context":Result: SYNCER_OK. cV=eHiU9xHsg8fjRG4Pru+tUE.0;server=GENERAL01000008;cloudType=Consumer;environment=Prod_SoutheastAsia_000j;migrationStage=NotStarted}
{"logTime": "0623/020459", "correlationVector":"ArGXSMsA8zDrlr6FaMEEew","action":"Commit Request", "result":"", "context":Item count: 3
Contributing types: Sessions}
{"logTime": "0623/020500", "correlationVector":"ArGXSMsA8zDrlr6FaMEEew.1","action":"SyncServerConnectionManagerRequest", "result":"SYNC_SERVER_OK", "context":{"environment":"Prod_SoutheastAsia_000j", "migrationStage":"NotStarted", "server":"general0100000M"}}
{"logTime": "0623/020500", "correlationVector":"ArGXSMsA8zDrlr6FaMEEew.2","action":"Commit Response", "result":"SYNCER_OK", "context":Result: SYNCER_OK. cV=ArGXSMsA8zDrlr6FaMEEew.0;server=general0100000M;cloudType=Consumer;environment=Prod_SoutheastAsia_000j;migrationStage=NotStarted}
{"logTime": "0623/020752", "correlationVector":"PpI9ZE6mvbopFQr2N19nmn","action":"Commit Request", "result":"", "context":Item count: 2
Contributing types: Sessions}
{"logTime": "0623/020752", "correlationVector":"PpI9ZE6mvbopFQr2N19nmn.1","action":"SyncServerConnectionManagerRequest", "result":"SYNC_SERVER_OK", "context":{"environment":"Prod_SoutheastAsia_000j", "migrationStage":"NotStarted", "server":"GENERAL0100000D"}}
{"logTime": "0623/020752", "correlationVector":"PpI9ZE6mvbopFQr2N19nmn.3","action":"Commit.Sessions", "result":"Success", "context":{"id":"5e3590f1-72f3-41ac-aa84-8531c6eb90f2", "isDeleted":"true", "size":"0", "version":"1687485900974"}}
{"logTime": "0623/020752", "correlationVector":"PpI9ZE6mvbopFQr2N19nmn.2","action":"Commit Response", "result":"SYNCER_OK", "context":Result: SYNCER_OK. cV=PpI9ZE6mvbopFQr2N19nmn.0;server=GENERAL0100000D;cloudType=Consumer;environment=Prod_SoutheastAsia_000j;migrationStage=NotStarted}
{"logTime": "0623/020942", "correlationVector":"RLf2U41vCvMFKkpyL5zNN4","action":"Commit Request", "result":"", "context":Item count: 4
Contributing types: Sessions}
{"logTime": "0623/020943", "correlationVector":"RLf2U41vCvMFKkpyL5zNN4.1","action":"SyncServerConnectionManagerRequest", "result":"SYNC_SERVER_OK", "context":{"environment":"Prod_SoutheastAsia_000j", "migrationStage":"NotStarted", "server":"GENERAL01000001"}}
{"logTime": "0623/020943", "correlationVector":"RLf2U41vCvMFKkpyL5zNN4.3","action":"Commit.Sessions", "result":"Success", "context":{"id":"70f87cd9-ec21-4aaf-a99c-fd327c5c948c", "isDeleted":"true", "size":"0", "version":"1687485640171"}}
{"logTime": "0623/020943", "correlationVector":"RLf2U41vCvMFKkpyL5zNN4.4","action":"Commit.Sessions", "result":"Success", "context":{"id":"a5897396-8de4-423d-9e5e-a45f287dae57", "isDeleted":"true", "size":"0", "version":"1687485900975"}}
{"logTime": "0623/020943", "correlationVector":"RLf2U41vCvMFKkpyL5zNN4.2","action":"Commit Response", "result":"SYNCER_OK", "context":Result: SYNCER_OK. cV=RLf2U41vCvMFKkpyL5zNN4.0;server=GENERAL01000001;cloudType=Consumer;environment=Prod_SoutheastAsia_000j;migrationStage=NotStarted}
{"logTime": "0623/021337", "correlationVector":"IAxpKOh8qwJcpg3KAJR/cU","action":"Commit Request", "result":"", "context":Item count: 2
Contributing types: Sessions}
{"logTime": "0623/021338", "correlationVector":"IAxpKOh8qwJcpg3KAJR/cU.1","action":"SyncServerConnectionManagerRequest", "result":"SYNC_SERVER_OK", "context":{"environment":"Prod_SoutheastAsia_000j", "migrationStage":"NotStarted", "server":"general01000009"}}
{"logTime": "0623/021338", "correlationVector":"IAxpKOh8qwJcpg3KAJR/cU.3","action":"Commit.Sessions", "result":"Success", "context":{"id":"cba447b3-b5a3-435e-b9fd-14c4b698ffbb", "isDeleted":"true", "size":"0", "version":"1687486073753"}}
{"logTime": "0623/021338", "correlationVector":"IAxpKOh8qwJcpg3KAJR/cU.2","action":"Commit Response", "result":"SYNCER_OK", "context":Result: SYNCER_OK. cV=IAxpKOh8qwJcpg3KAJR/cU.0;server=general01000009;cloudType=Consumer;environment=Prod_SoutheastAsia_000j;migrationStage=NotStarted}
{"logTime": "0623/021848", "correlationVector":"ccKNXt3RT3ny1oT9Ny7m7F","action":"Commit Request", "result":"", "context":Item count: 2
Contributing types: Sessions}
{"logTime": "0623/021848", "correlationVector":"ccKNXt3RT3ny1oT9Ny7m7F.1","action":"SyncServerConnectionManagerRequest", "result":"SYNC_SERVER_OK", "context":{"environment":"Prod_SoutheastAsia_000j", "migrationStage":"NotStarted", "server":"GENERAL0100000O"}}
{"logTime": "0623/021848", "correlationVector":"ccKNXt3RT3ny1oT9Ny7m7F.2","action":"Commit Response", "result":"SYNCER_OK", "context":Result: SYNCER_OK. cV=ccKNXt3RT3ny1oT9Ny7m7F.0;server=GENERAL0100000O;cloudType=Consumer;environment=Prod_SoutheastAsia_000j;migrationStage=NotStarted}
{"logTime": "0623/022117", "correlationVector":"+qYzVhq4RDs70Q+RwN/hry","action":"Commit Request", "result":"", "context":Item count: 10
Contributing types: Typed URLs, Sessions, Extension settings}
{"logTime": "0623/022118", "correlationVector":"+qYzVhq4RDs70Q+RwN/hry.1","action":"SyncServerConnectionManagerRequest", "result":"SYNC_SERVER_OK", "context":{"environment":"Prod_SoutheastAsia_000j", "migrationStage":"NotStarted", "server":"GENERAL0100000P"}}
{"logTime": "0623/022118", "correlationVector":"+qYzVhq4RDs70Q+RwN/hry.2","action":"Commit Response", "result":"SYNCER_OK", "context":Result: SYNCER_OK. cV=+qYzVhq4RDs70Q+RwN/hry.0;server=GENERAL0100000P;cloudType=Consumer;environment=Prod_SoutheastAsia_000j;migrationStage=NotStarted}
{"logTime": "0623/022142", "correlationVector":"pPzZgV/wOYWrHIjDYaAqpk","action":"Commit Request", "result":"", "context":Item count: 2
Contributing types: Sessions, Extension settings}
{"logTime": "0623/022143", "correlationVector":"pPzZgV/wOYWrHIjDYaAqpk.1","action":"SyncServerConnectionManagerRequest", "result":"SYNC_SERVER_OK", "context":{"environment":"Prod_SoutheastAsia_000j", "migrationStage":"NotStarted", "server":"GENERAL0100000G"}}
{"logTime": "0623/022143", "correlationVector":"pPzZgV/wOYWrHIjDYaAqpk.2","action":"Commit Response", "result":"SYNCER_OK", "context":Result: SYNCER_OK. cV=pPzZgV/wOYWrHIjDYaAqpk.0;server=GENERAL0100000G;cloudType=Consumer;environment=Prod_SoutheastAsia_000j;migrationStage=NotStarted}
{"logTime": "0623/022152", "correlationVector":"B8jxGtUhNnMAFm5t+xqv1z","action":"Commit Request", "result":"", "context":Item count: 2
Contributing types: Passwords, Sessions}
{"logTime": "0623/022153", "correlationVector":"B8jxGtUhNnMAFm5t+xqv1z.1","action":"SyncServerConnectionManagerRequest", "result":"SYNC_SERVER_OK", "context":{"environment":"Prod_SoutheastAsia_000j", "migrationStage":"NotStarted", "server":"general0100000M"}}
{"logTime": "0623/022153", "correlationVector":"B8jxGtUhNnMAFm5t+xqv1z.2","action":"Commit Response", "result":"SYNCER_OK", "context":Result: SYNCER_OK. cV=B8jxGtUhNnMAFm5t+xqv1z.0;server=general0100000M;cloudType=Consumer;environment=Prod_SoutheastAsia_000j;migrationStage=NotStarted}
{"logTime": "0623/022224", "correlationVector":"jr+CSgMo/MIY70pXExIzIl","action":"Commit Request", "result":"", "context":Item count: 1
Contributing types: Sessions}
{"logTime": "0623/022225", "correlationVector":"jr+CSgMo/MIY70pXExIzIl.1","action":"SyncServerConnectionManagerRequest", "result":"SYNC_SERVER_OK", "context":{"environment":"Prod_SoutheastAsia_000j", "migrationStage":"NotStarted", "server":"general01000012"}}
{"logTime": "0623/022225", "correlationVector":"jr+CSgMo/MIY70pXExIzIl.2","action":"Commit Response", "result":"SYNCER_OK", "context":Result: SYNCER_OK. cV=jr+CSgMo/MIY70pXExIzIl.0;server=general01000012;cloudType=Consumer;environment=Prod_SoutheastAsia_000j;migrationStage=NotStarted}
{"logTime": "0623/022313", "correlationVector":"3B1pjaxLG/+hAzxLlDlY1q","action":"Commit Request", "result":"", "context":Item count: 4
Contributing types: Sessions}
{"logTime": "0623/022314", "correlationVector":"3B1pjaxLG/+hAzxLlDlY1q.1","action":"SyncServerConnectionManagerRequest", "result":"SYNC_SERVER_OK", "context":{"environment":"Prod_SoutheastAsia_000j", "migrationStage":"NotStarted", "server":"GENERAL01000008"}}
{"logTime": "0623/022314", "correlationVector":"3B1pjaxLG/+hAzxLlDlY1q.3","action":"Commit.Sessions", "result":"Success", "context":{"id":"be1ac41b-885a-4564-8935-4775eeaa0132", "isDeleted":"true", "size":"0", "version":"1687486877731"}}
{"logTime": "0623/022314", "correlationVector":"3B1pjaxLG/+hAzxLlDlY1q.2","action":"Commit Response", "result":"SYNCER_OK", "context":Result: SYNCER_OK. cV=3B1pjaxLG/+hAzxLlDlY1q.0;server=GENERAL01000008;cloudType=Consumer;environment=Prod_SoutheastAsia_000j;migrationStage=NotStarted}
{"logTime": "0623/022344", "correlationVector":"vMzyg91oviIZAVyXWl7ov1","action":"Commit Request", "result":"", "context":Item count: 1
Contributing types: Sessions}
{"logTime": "0623/022344", "correlationVector":"vMzyg91oviIZAVyXWl7ov1.1","action":"SyncServerConnectionManagerRequest", "result":"SYNC_SERVER_OK", "context":{"environment":"Prod_SoutheastAsia_000j", "migrationStage":"NotStarted", "server":"GENERAL01000015"}}
{"logTime": "0623/022344", "correlationVector":"vMzyg91oviIZAVyXWl7ov1.2","action":"Commit Response", "result":"SYNCER_OK", "context":Result: SYNCER_OK. cV=vMzyg91oviIZAVyXWl7ov1.0;server=GENERAL01000015;cloudType=Consumer;environment=Prod_SoutheastAsia_000j;migrationStage=NotStarted}
{"logTime": "0623/022425", "correlationVector":"bTBDtLyu1VXbGnG7nI5poQ","action":"Commit Request", "result":"", "context":Item count: 2
Contributing types: Sessions}
{"logTime": "0623/022426", "correlationVector":"bTBDtLyu1VXbGnG7nI5poQ.1","action":"SyncServerConnectionManagerRequest", "result":"SYNC_SERVER_OK", "context":{"environment":"Prod_SoutheastAsia_000j", "migrationStage":"NotStarted", "server":"GENERAL0100000G"}}
{"logTime": "0623/022426", "correlationVector":"bTBDtLyu1VXbGnG7nI5poQ.2","action":"Commit Response", "result":"SYNCER_OK", "context":Result: SYNCER_OK. cV=bTBDtLyu1VXbGnG7nI5poQ.0;server=GENERAL0100000G;cloudType=Consumer;environment=Prod_SoutheastAsia_000j;migrationStage=NotStarted}
{"logTime": "0623/022621", "correlationVector":"CImisJV8w7x5iFTjNi8V5A","action":"Commit Request", "result":"", "context":Item count: 3
Contributing types: Sessions}
{"logTime": "0623/022621", "correlationVector":"CImisJV8w7x5iFTjNi8V5A.1","action":"SyncServerConnectionManagerRequest", "result":"SYNC_SERVER_OK", "context":{"environment":"Prod_SoutheastAsia_000j", "migrationStage":"NotStarted", "server":"GENERAL01000019"}}
{"logTime": "0623/022621", "correlationVector":"CImisJV8w7x5iFTjNi8V5A.3","action":"Commit.Sessions", "result":"Success", "context":{"id":"1310cbb2-4412-4f78-a795-732d7ec953a6", "isDeleted":"true", "size":"0", "version":"1687487066033"}}
{"logTime": "0623/022621", "correlationVector":"CImisJV8w7x5iFTjNi8V5A.4","action":"Commit.Sessions", "result":"Success", "context":{"id":"ab5cfde9-8259-47ac-a266-5e72237b4ed2", "isDeleted":"true", "size":"0", "version":"1687487024273"}}
{"logTime": "0623/022621", "correlationVector":"CImisJV8w7x5iFTjNi8V5A.2","action":"Commit Response", "result":"SYNCER_OK", "context":Result: SYNCER_OK. cV=CImisJV8w7x5iFTjNi8V5A.0;server=GENERAL01000019;cloudType=Consumer;environment=Prod_SoutheastAsia_000j;migrationStage=NotStarted}
{"logTime": "0623/023532", "correlationVector":"rSxoJT14xEQzTFdrKnIeBP","action":"Commit Request", "result":"", "context":Item count: 3
Contributing types: Sessions}
{"logTime": "0623/023533", "correlationVector":"rSxoJT14xEQzTFdrKnIeBP.1","action":"SyncServerConnectionManagerRequest", "result":"SYNC_SERVER_OK", "context":{"environment":"Prod_SoutheastAsia_000j", "migrationStage":"NotStarted", "server":"GENERAL01000002"}}
{"logTime": "0623/023533", "correlationVector":"rSxoJT14xEQzTFdrKnIeBP.2","action":"Commit Response", "result":"SYNCER_OK", "context":Result: SYNCER_OK. cV=rSxoJT14xEQzTFdrKnIeBP.0;server=GENERAL01000002;cloudType=Consumer;environment=Prod_SoutheastAsia_000j;migrationStage=NotStarted}
{"logTime": "0623/023605", "correlationVector":"6OzufttqdEpNy6v/GGcN6d","action":"Commit Request", "result":"", "context":Item count: 3
Contributing types: Sessions}
{"logTime": "0623/023605", "correlationVector":"6OzufttqdEpNy6v/GGcN6d.1","action":"SyncServerConnectionManagerRequest", "result":"SYNC_SERVER_OK", "context":{"environment":"Prod_SoutheastAsia_000j", "migrationStage":"NotStarted", "server":"GENERAL01000018"}}
{"logTime": "0623/023605", "correlationVector":"6OzufttqdEpNy6v/GGcN6d.2","action":"Commit Response", "result":"SYNCER_OK", "context":Result: SYNCER_OK. cV=6OzufttqdEpNy6v/GGcN6d.0;server=GENERAL01000018;cloudType=Consumer;environment=Prod_SoutheastAsia_000j;migrationStage=NotStarted}
{"logTime": "0623/023652", "correlationVector":"0HxYFuqWcDkqoMxHk4sx8E","action":"Commit Request", "result":"", "context":Item count: 1
Contributing types: Sessions}
{"logTime": "0623/023652", "correlationVector":"0HxYFuqWcDkqoMxHk4sx8E.1","action":"SyncServerConnectionManagerRequest", "result":"SYNC_SERVER_OK", "context":{"environment":"Prod_SoutheastAsia_000j", "migrationStage":"NotStarted", "server":"GENERAL0100001D"}}
{"logTime": "0623/023652", "correlationVector":"0HxYFuqWcDkqoMxHk4sx8E.2","action":"Commit Response", "result":"SYNCER_OK", "context":Result: SYNCER_OK. cV=0HxYFuqWcDkqoMxHk4sx8E.0;server=GENERAL0100001D;cloudType=Consumer;environment=Prod_SoutheastAsia_000j;migrationStage=NotStarted}
{"logTime": "0623/023903", "correlationVector":"49CZcTW+D3InD3JxqTRqg8","action":"Commit Request", "result":"", "context":Item count: 3
Contributing types: Passwords, Sessions}
{"logTime": "0623/023904", "correlationVector":"49CZcTW+D3InD3JxqTRqg8.1","action":"SyncServerConnectionManagerRequest", "result":"SYNC_SERVER_OK", "context":{"environment":"Prod_SoutheastAsia_000j", "migrationStage":"NotStarted", "server":"GENERAL0100001L"}}
{"logTime": "0623/023904", "correlationVector":"49CZcTW+D3InD3JxqTRqg8.2","action":"Commit Response", "result":"SYNCER_OK", "context":Result: SYNCER_OK. cV=49CZcTW+D3InD3JxqTRqg8.0;server=GENERAL0100001L;cloudType=Consumer;environment=Prod_SoutheastAsia_000j;migrationStage=NotStarted}
{"logTime": "0623/023934", "correlationVector":"nFg4zo5u1fMpShruEBHGoB","action":"Commit Request", "result":"", "context":Item count: 2
Contributing types: Sessions}
{"logTime": "0623/023934", "correlationVector":"nFg4zo5u1fMpShruEBHGoB.1","action":"SyncServerConnectionManagerRequest", "result":"SYNC_SERVER_OK", "context":{"environment":"Prod_SoutheastAsia_000j", "migrationStage":"NotStarted", "server":"GENERAL0100000O"}}
{"logTime": "0623/023934", "correlationVector":"nFg4zo5u1fMpShruEBHGoB.2","action":"Commit Response", "result":"SYNCER_OK", "context":Result: SYNCER_OK. cV=nFg4zo5u1fMpShruEBHGoB.0;server=GENERAL0100000O;cloudType=Consumer;environment=Prod_SoutheastAsia_000j;migrationStage=NotStarted}
{"logTime": "0623/024414", "correlationVector":"GynveBj9hj2SdzMD1xiEt1","action":"Commit Request", "result":"", "context":Item count: 6
Contributing types: Sessions}
{"logTime": "0623/024415", "correlationVector":"GynveBj9hj2SdzMD1xiEt1.1","action":"SyncServerConnectionManagerRequest", "result":"SYNC_SERVER_OK", "context":{"environment":"Prod_SoutheastAsia_000j", "migrationStage":"NotStarted", "server":"GENERAL01000003"}}
{"logTime": "0623/024415", "correlationVector":"GynveBj9hj2SdzMD1xiEt1.3","action":"Commit.Sessions", "result":"Success", "context":{"id":"58979b26-b544-4d2e-ae20-efa6513fe3e1", "isDeleted":"true", "size":"0", "version":"1687487812312"}}
{"logTime": "0623/024415", "correlationVector":"GynveBj9hj2SdzMD1xiEt1.4","action":"Commit.Sessions", "result":"Success", "context":{"id":"c1e4d3ef-f6e4-4d67-9190-e5cbc1392181", "isDeleted":"true", "size":"0", "version":"1687487765500"}}
{"logTime": "0623/024415", "correlationVector":"GynveBj9hj2SdzMD1xiEt1.5","action":"Commit.Sessions", "result":"Success", "context":{"id":"0f3cabbe-33ae-4e07-83b9-2cb92a4968d6", "isDeleted":"true", "size":"0", "version":"1687487733060"}}
{"logTime": "0623/024415", "correlationVector":"GynveBj9hj2SdzMD1xiEt1.6","action":"Commit.Sessions", "result":"Success", "context":{"id":"ab459de0-20bd-4952-b096-c1a09d8f0a09", "isDeleted":"true", "size":"0", "version":"1687487974328"}}
{"logTime": "0623/024415", "correlationVector":"GynveBj9hj2SdzMD1xiEt1.2","action":"Commit Response", "result":"SYNCER_OK", "context":Result: SYNCER_OK. cV=GynveBj9hj2SdzMD1xiEt1.0;server=GENERAL01000003;cloudType=Consumer;environment=Prod_SoutheastAsia_000j;migrationStage=NotStarted}
{"logTime": "0623/025208", "correlationVector":"6y3Bq88OhlShL0BWcgY6HK","action":"Commit Request", "result":"", "context":Item count: 1
Contributing types: Sessions}
{"logTime": "0623/025209", "correlationVector":"6y3Bq88OhlShL0BWcgY6HK.1","action":"SyncServerConnectionManagerRequest", "result":"SYNC_SERVER_OK", "context":{"environment":"Prod_SoutheastAsia_000j", "migrationStage":"NotStarted", "server":"GENERAL0100001L"}}
{"logTime": "0623/025209", "correlationVector":"6y3Bq88OhlShL0BWcgY6HK.2","action":"Commit Response", "result":"SYNCER_OK", "context":Result: SYNCER_OK. cV=6y3Bq88OhlShL0BWcgY6HK.0;server=GENERAL0100001L;cloudType=Consumer;environment=Prod_SoutheastAsia_000j;migrationStage=NotStarted}
{"logTime": "0623/025646", "correlationVector":"TXcqIQb+SYNgowPT08tsoX","action":"Commit Request", "result":"", "context":Item count: 2
Contributing types: Sessions}
{"logTime": "0623/025647", "correlationVector":"TXcqIQb+SYNgowPT08tsoX.1","action":"SyncServerConnectionManagerRequest", "result":"SYNC_SERVER_OK", "context":{"environment":"Prod_SoutheastAsia_000j", "migrationStage":"NotStarted", "server":"GENERAL0100000U"}}
{"logTime": "0623/025647", "correlationVector":"TXcqIQb+SYNgowPT08tsoX.2","action":"Commit Response", "result":"SYNCER_OK", "context":Result: SYNCER_OK. cV=TXcqIQb+SYNgowPT08tsoX.0;server=GENERAL0100000U;cloudType=Consumer;environment=Prod_SoutheastAsia_000j;migrationStage=NotStarted}
{"logTime": "0623/025756", "correlationVector":"Onraztp2G1WXUkri9o1TnX","action":"Commit Request", "result":"", "context":Item count: 2
Contributing types: Sessions}
{"logTime": "0623/025756", "correlationVector":"Onraztp2G1WXUkri9o1TnX.1","action":"SyncServerConnectionManagerRequest", "result":"SYNC_SERVER_OK", "context":{"environment":"Prod_SoutheastAsia_000j", "migrationStage":"NotStarted", "server":"GENERAL0100001E"}}
{"logTime": "0623/025756", "correlationVector":"Onraztp2G1WXUkri9o1TnX.3","action":"Commit.Sessions", "result":"Success", "context":{"id":"7bad74b5-5051-494f-9041-98bcd70bbb40", "isDeleted":"true", "size":"0", "version":"1687489007336"}}
{"logTime": "0623/025756", "correlationVector":"Onraztp2G1WXUkri9o1TnX.2","action":"Commit Response", "result":"SYNCER_OK", "context":Result: SYNCER_OK. cV=Onraztp2G1WXUkri9o1TnX.0;server=GENERAL0100001E;cloudType=Consumer;environment=Prod_SoutheastAsia_000j;migrationStage=NotStarted}
{"logTime": "0623/031654", "correlationVector":"BFNq1+SEWTAmY+wS02UPAw","action":"Commit Request", "result":"", "context":Item count: 1
Contributing types: Sessions}
{"logTime": "0623/031655", "correlationVector":"BFNq1+SEWTAmY+wS02UPAw.1","action":"SyncServerConnectionManagerRequest", "result":"SYNC_SERVER_OK", "context":{"environment":"Prod_SoutheastAsia_000j", "migrationStage":"NotStarted", "server":"GENERAL01000008"}}
{"logTime": "0623/031655", "correlationVector":"BFNq1+SEWTAmY+wS02UPAw.2","action":"Commit Response", "result":"SYNCER_OK", "context":Result: SYNCER_OK. cV=BFNq1+SEWTAmY+wS02UPAw.0;server=GENERAL01000008;cloudType=Consumer;environment=Prod_SoutheastAsia_000j;migrationStage=NotStarted}
{"logTime": "0623/035138", "correlationVector":"1j22QLor/lGffTbE0fZ3QW","action":"Commit Request", "result":"", "context":Item count: 5
Contributing types: Typed URLs, Sessions}
{"logTime": "0623/035139", "correlationVector":"1j22QLor/lGffTbE0fZ3QW.1","action":"SyncServerConnectionManagerRequest", "result":"SYNC_SERVER_OK", "context":{"environment":"Prod_SoutheastAsia_000j", "migrationStage":"NotStarted", "server":"GENERAL0100000L"}}
{"logTime": "0623/035139", "correlationVector":"1j22QLor/lGffTbE0fZ3QW.2","action":"Commit Response", "result":"SYNCER_OK", "context":Result: SYNCER_OK. cV=1j22QLor/lGffTbE0fZ3QW.0;server=GENERAL0100000L;cloudType=Consumer;environment=Prod_SoutheastAsia_000j;migrationStage=NotStarted}
{"logTime": "0623/035224", "correlationVector":"YMpDvUpz272WKtZ5YKt7sP","action":"Commit Request", "result":"", "context":Item count: 1
Contributing types: Sessions}
{"logTime": "0623/035225", "correlationVector":"YMpDvUpz272WKtZ5YKt7sP.1","action":"SyncServerConnectionManagerRequest", "result":"SYNC_SERVER_OK", "context":{"environment":"Prod_SoutheastAsia_000j", "migrationStage":"NotStarted", "server":"GENERAL0100000T"}}
{"logTime": "0623/035225", "correlationVector":"YMpDvUpz272WKtZ5YKt7sP.2","action":"Commit Response", "result":"SYNCER_OK", "context":Result: SYNCER_OK. cV=YMpDvUpz272WKtZ5YKt7sP.0;server=GENERAL0100000T;cloudType=Consumer;environment=Prod_SoutheastAsia_000j;migrationStage=NotStarted}
{"logTime": "0623/035405", "correlationVector":"cgMcBs/iskChhJoje+Q03R","action":"Commit Request", "result":"", "context":Item count: 1
Contributing types: Sessions}
{"logTime": "0623/035405", "correlationVector":"cgMcBs/iskChhJoje+Q03R.1","action":"SyncServerConnectionManagerRequest", "result":"SYNC_SERVER_OK", "context":{"environment":"Prod_SoutheastAsia_000j", "migrationStage":"NotStarted", "server":"GENERAL01000016"}}
{"logTime": "0623/035405", "correlationVector":"cgMcBs/iskChhJoje+Q03R.2","action":"Commit Response", "result":"SYNCER_OK", "context":Result: SYNCER_OK. cV=cgMcBs/iskChhJoje+Q03R.0;server=GENERAL01000016;cloudType=Consumer;environment=Prod_SoutheastAsia_000j;migrationStage=NotStarted}
{"logTime": "0623/040917", "correlationVector":"Z3eaV0EO4AqpkAVfevIRRl","action":"Commit Request", "result":"", "context":Item count: 3
Contributing types: Sessions}
{"logTime": "0623/040917", "correlationVector":"Z3eaV0EO4AqpkAVfevIRRl.1","action":"SyncServerConnectionManagerRequest", "result":"SYNC_SERVER_OK", "context":{"environment":"Prod_SoutheastAsia_000j", "migrationStage":"NotStarted", "server":"GENERAL01000019"}}
{"logTime": "0623/040917", "correlationVector":"Z3eaV0EO4AqpkAVfevIRRl.3","action":"Commit.Sessions", "result":"Success", "context":{"id":"01c609a9-9c62-4be0-8639-9730e94dd8fb", "isDeleted":"true", "size":"0", "version":"1687492344827"}}
{"logTime": "0623/040917", "correlationVector":"Z3eaV0EO4AqpkAVfevIRRl.2","action":"Commit Response", "result":"SYNCER_OK", "context":Result: SYNCER_OK. cV=Z3eaV0EO4AqpkAVfevIRRl.0;server=GENERAL01000019;cloudType=Consumer;environment=Prod_SoutheastAsia_000j;migrationStage=NotStarted}
{"logTime": "0623/041226", "correlationVector":"vWuxkRUWMmSUzpNjMdHrEL","action":"Commit Request", "result":"", "context":Item count: 1
Contributing types: Sessions}
{"logTime": "0623/041226", "correlationVector":"vWuxkRUWMmSUzpNjMdHrEL.1","action":"SyncServerConnectionManagerRequest", "result":"SYNC_SERVER_OK", "context":{"environment":"Prod_SoutheastAsia_000j", "migrationStage":"NotStarted", "server":"general0100000F"}}
{"logTime": "0623/041226", "correlationVector":"vWuxkRUWMmSUzpNjMdHrEL.2","action":"Commit Response", "result":"SYNCER_OK", "context":Result: SYNCER_OK. cV=vWuxkRUWMmSUzpNjMdHrEL.0;server=general0100000F;cloudType=Consumer;environment=Prod_SoutheastAsia_000j;migrationStage=NotStarted}
{"logTime": "0623/050930", "correlationVector":"iBSRWIQqJl5cjqYQK3zKRL","action":"Commit Request", "result":"", "context":Item count: 2
Contributing types: Sessions}
{"logTime": "0623/050931", "correlationVector":"iBSRWIQqJl5cjqYQK3zKRL.1","action":"SyncServerConnectionManagerRequest", "result":"SYNC_SERVER_OK", "context":{"environment":"Prod_SoutheastAsia_000j", "migrationStage":"NotStarted", "server":"GENERAL0100000E"}}
{"logTime": "0623/050931", "correlationVector":"iBSRWIQqJl5cjqYQK3zKRL.2","action":"Commit Response", "result":"SYNCER_OK", "context":Result: SYNCER_OK. cV=iBSRWIQqJl5cjqYQK3zKRL.0;server=GENERAL0100000E;cloudType=Consumer;environment=Prod_SoutheastAsia_000j;migrationStage=NotStarted}
{"logTime": "0623/051001", "correlationVector":"hs8ctsAn3SzBrDguUqP3mY","action":"Commit Request", "result":"", "context":Item count: 1
Contributing types: Sessions}
{"logTime": "0623/051002", "correlationVector":"hs8ctsAn3SzBrDguUqP3mY.1","action":"SyncServerConnectionManagerRequest", "result":"SYNC_SERVER_OK", "context":{"environment":"Prod_SoutheastAsia_000j", "migrationStage":"NotStarted", "server":"general01000009"}}
{"logTime": "0623/051002", "correlationVector":"hs8ctsAn3SzBrDguUqP3mY.2","action":"Commit Response", "result":"SYNCER_OK", "context":Result: SYNCER_OK. cV=hs8ctsAn3SzBrDguUqP3mY.0;server=general01000009;cloudType=Consumer;environment=Prod_SoutheastAsia_000j;migrationStage=NotStarted}
{"logTime": "0623/051037", "correlationVector":"+tbk3kuw0gqso5Us4s/O/r","action":"Commit Request", "result":"", "context":Item count: 1
Contributing types: Sessions}
{"logTime": "0623/051037", "correlationVector":"+tbk3kuw0gqso5Us4s/O/r.1","action":"SyncServerConnectionManagerRequest", "result":"SYNC_SERVER_OK", "context":{"environment":"Prod_SoutheastAsia_000j", "migrationStage":"NotStarted", "server":"GENERAL01000016"}}
{"logTime": "0623/051037", "correlationVector":"+tbk3kuw0gqso5Us4s/O/r.2","action":"Commit Response", "result":"SYNCER_OK", "context":Result: SYNCER_OK. cV=+tbk3kuw0gqso5Us4s/O/r.0;server=GENERAL01000016;cloudType=Consumer;environment=Prod_SoutheastAsia_000j;migrationStage=NotStarted}
{"logTime": "0623/051109", "correlationVector":"+dyqGBtiy7xbcwYNuugnYn","action":"Commit Request", "result":"", "context":Item count: 1
Contributing types: Sessions}
{"logTime": "0623/051110", "correlationVector":"+dyqGBtiy7xbcwYNuugnYn.1","action":"SyncServerConnectionManagerRequest", "result":"SYNC_SERVER_OK", "context":{"environment":"Prod_SoutheastAsia_000j", "migrationStage":"NotStarted", "server":"GENERAL0100001D"}}
{"logTime": "0623/051110", "correlationVector":"+dyqGBtiy7xbcwYNuugnYn.2","action":"Commit Response", "result":"SYNCER_OK", "context":Result: SYNCER_OK. cV=+dyqGBtiy7xbcwYNuugnYn.0;server=GENERAL0100001D;cloudType=Consumer;environment=Prod_SoutheastAsia_000j;migrationStage=NotStarted}
{"logTime": "0623/051141", "correlationVector":"W1BGN7ncl8Z4e+9Up8NbJo","action":"Commit Request", "result":"", "context":Item count: 2
Contributing types: Sessions}
{"logTime": "0623/051141", "correlationVector":"W1BGN7ncl8Z4e+9Up8NbJo.1","action":"SyncServerConnectionManagerRequest", "result":"SYNC_SERVER_OK", "context":{"environment":"Prod_SoutheastAsia_000j", "migrationStage":"NotStarted", "server":"GENERAL0100000N"}}
{"logTime": "0623/051141", "correlationVector":"W1BGN7ncl8Z4e+9Up8NbJo.2","action":"Commit Response", "result":"SYNCER_OK", "context":Result: SYNCER_OK. cV=W1BGN7ncl8Z4e+9Up8NbJo.0;server=GENERAL0100000N;cloudType=Consumer;environment=Prod_SoutheastAsia_000j;migrationStage=NotStarted}
{"logTime": "0623/051440", "correlationVector":"77pCAgrD12uEIEwZDO+kMY","action":"Commit Request", "result":"", "context":Item count: 2
Contributing types: Sessions}
{"logTime": "0623/051441", "correlationVector":"77pCAgrD12uEIEwZDO+kMY.1","action":"SyncServerConnectionManagerRequest", "result":"SYNC_SERVER_OK", "context":{"environment":"Prod_SoutheastAsia_000j", "migrationStage":"NotStarted", "server":"GENERAL01000001"}}
{"logTime": "0623/051441", "correlationVector":"77pCAgrD12uEIEwZDO+kMY.2","action":"Commit Response", "result":"SYNCER_OK", "context":Result: SYNCER_OK. cV=77pCAgrD12uEIEwZDO+kMY.0;server=GENERAL01000001;cloudType=Consumer;environment=Prod_SoutheastAsia_000j;migrationStage=NotStarted}
{"logTime": "0623/051554", "correlationVector":"Eo/5/13UlbV0BiqPBodgSN","action":"Commit Request", "result":"", "context":Item count: 1
Contributing types: Sessions}
{"logTime": "0623/051554", "correlationVector":"Eo/5/13UlbV0BiqPBodgSN.1","action":"SyncServerConnectionManagerRequest", "result":"SYNC_SERVER_OK", "context":{"environment":"Prod_SoutheastAsia_000j", "migrationStage":"NotStarted", "server":"GENERAL01000008"}}
{"logTime": "0623/051554", "correlationVector":"Eo/5/13UlbV0BiqPBodgSN.2","action":"Commit Response", "result":"SYNCER_OK", "context":Result: SYNCER_OK. cV=Eo/5/13UlbV0BiqPBodgSN.0;server=GENERAL01000008;cloudType=Consumer;environment=Prod_SoutheastAsia_000j;migrationStage=NotStarted}
{"logTime": "0623/051954", "correlationVector":"5GucDyfdymhVKXZywfOHKy","action":"Commit Request", "result":"", "context":Item count: 3
Contributing types: Sessions}
{"logTime": "0623/051954", "correlationVector":"5GucDyfdymhVKXZywfOHKy.1","action":"SyncServerConnectionManagerRequest", "result":"SYNC_SERVER_OK", "context":{"environment":"Prod_SoutheastAsia_000j", "migrationStage":"NotStarted", "server":"GENERAL01000008"}}
{"logTime": "0623/051954", "correlationVector":"5GucDyfdymhVKXZywfOHKy.3","action":"Commit.Sessions", "result":"Success", "context":{"id":"dcd4aa6f-701d-46c0-a194-ed814dca96c3", "isDeleted":"true", "size":"0", "version":"1687497354493"}}
{"logTime": "0623/051954", "correlationVector":"5GucDyfdymhVKXZywfOHKy.4","action":"Commit.Sessions", "result":"Success", "context":{"id":"e241dd11-b396-4eac-958e-064ea44f545e", "isDeleted":"true", "size":"0", "version":"1687458125722"}}
{"logTime": "0623/051954", "correlationVector":"5GucDyfdymhVKXZywfOHKy.2","action":"Commit Response", "result":"SYNCER_OK", "context":Result: SYNCER_OK. cV=5GucDyfdymhVKXZywfOHKy.0;server=GENERAL01000008;cloudType=Consumer;environment=Prod_SoutheastAsia_000j;migrationStage=NotStarted}
{"logTime": "0623/052025", "correlationVector":"B4RpzfY6YzIlkqUd1nm0cS","action":"Commit Request", "result":"", "context":Item count: 4
Contributing types: Typed URLs, Sessions}
{"logTime": "0623/052026", "correlationVector":"B4RpzfY6YzIlkqUd1nm0cS.1","action":"SyncServerConnectionManagerRequest", "result":"SYNC_SERVER_OK", "context":{"environment":"Prod_SoutheastAsia_000j", "migrationStage":"NotStarted", "server":"GENERAL0100000N"}}
{"logTime": "0623/052026", "correlationVector":"B4RpzfY6YzIlkqUd1nm0cS.3","action":"Commit.Typed URLs", "result":"Success", "context":{"id":"f3813437-ad05-4750-95c9-63b0402c8bc8", "isDeleted":"true", "size":"0", "version":"1687454399142"}}
{"logTime": "0623/052026", "correlationVector":"B4RpzfY6YzIlkqUd1nm0cS.2","action":"Commit Response", "result":"SYNCER_OK", "context":Result: SYNCER_OK. cV=B4RpzfY6YzIlkqUd1nm0cS.0;server=GENERAL0100000N;cloudType=Consumer;environment=Prod_SoutheastAsia_000j;migrationStage=NotStarted}
{"logTime": "0623/052450", "correlationVector":"dAcFhFrdOtwdp0q9GFHUse","action":"Commit Request", "result":"", "context":Item count: 1
Contributing types: Sessions}
{"logTime": "0623/052451", "correlationVector":"dAcFhFrdOtwdp0q9GFHUse.1","action":"SyncServerConnectionManagerRequest", "result":"SYNC_SERVER_OK", "context":{"environment":"Prod_SoutheastAsia_000j", "migrationStage":"NotStarted", "server":"GENERAL01000017"}}
{"logTime": "0623/052451", "correlationVector":"dAcFhFrdOtwdp0q9GFHUse.2","action":"Commit Response", "result":"SYNCER_OK", "context":Result: SYNCER_OK. cV=dAcFhFrdOtwdp0q9GFHUse.0;server=GENERAL01000017;cloudType=Consumer;environment=Prod_SoutheastAsia_000j;migrationStage=NotStarted}
{"logTime": "0623/060543", "correlationVector":"NCh7boUAc+AO0PVApWua9R.0","action":"FeedSettingFetch_homeCloud", "result":"0", "context":{}}
{"logTime": "0623/060544", "correlationVector":"sDY4aUQpFQ3NJLrc4HU+C0","action":"Normal GetUpdate request", "result":"", "context":cV=sDY4aUQpFQ3NJLrc4HU+C0
Nudged types: Extensions, Sessions, User Consents
Refresh requested types: Bookmarks, Preferences, Passwords, Autofill, Autofill Custom Data, Typed URLs, Extensions, Sessions, Extension settings, History Delete Directives, Device Info, User Consents, Send Tab To Self, Web Apps, Collection, Edge E Drop, Encryption Keys}
{"logTime": "0623/060544", "correlationVector":"sDY4aUQpFQ3NJLrc4HU+C0.1","action":"SyncServerConnectionManagerRequest", "result":"SYNC_SERVER_OK", "context":{"environment":"Prod_SoutheastAsia_000j", "migrationStage":"NotStarted", "server":"general01000013"}}
{"logTime": "0623/060544", "correlationVector":"sDY4aUQpFQ3NJLrc4HU+C0.2","action":"GetUpdates", "result":"DeleteReceived", "context":{"id":"f3813437-ad05-4750-95c9-63b0402c8bc8", "isDeleted:":"true", "version":"1687497625937"}}
{"logTime": "0623/060544", "correlationVector":"sDY4aUQpFQ3NJLrc4HU+C0.3","action":"GetUpdates", "result":"DeleteReceived", "context":{"id":"1568cba0-ae11-43e8-b3ec-9c7d5f9a6387", "isDeleted:":"true", "version":"1687457547370"}}
{"logTime": "0623/060544", "correlationVector":"sDY4aUQpFQ3NJLrc4HU+C0.4","action":"GetUpdates", "result":"DeleteReceived", "context":{"id":"6205eb2f-86c9-42a8-8020-b63eead549c6", "isDeleted:":"true", "version":"1687457584467"}}
{"logTime": "0623/060544", "correlationVector":"sDY4aUQpFQ3NJLrc4HU+C0.5","action":"GetUpdates", "result":"DeleteReceived", "context":{"id":"d60d9b63-897d-4217-83aa-5cedf00219b6", "isDeleted:":"true", "version":"1687457584468"}}
{"logTime": "0623/060544", "correlationVector":"sDY4aUQpFQ3NJLrc4HU+C0.6","action":"GetUpdates", "result":"DeleteReceived", "context":{"id":"f0c67fb4-d2dd-4bd9-a144-db8a32704d57", "isDeleted:":"true", "version":"1687457584469"}}
{"logTime": "0623/060544", "correlationVector":"sDY4aUQpFQ3NJLrc4HU+C0.7","action":"GetUpdates", "result":"DeleteReceived", "context":{"id":"b0f0047b-015c-4baf-84e7-114fdd70ad4c", "isDeleted:":"true", "version":"1687457615296"}}
{"logTime": "0623/060544", "correlationVector":"sDY4aUQpFQ3NJLrc4HU+C0.8","action":"GetUpdates", "result":"DeleteReceived", "context":{"id":"c5eb3966-1e30-46b6-bb1e-9b25dc0e21d6", "isDeleted:":"true", "version":"1687458017371"}}
{"logTime": "0623/060544", "correlationVector":"sDY4aUQpFQ3NJLrc4HU+C0.9","action":"GetUpdates", "result":"DeleteReceived", "context":{"id":"bfa346e5-d3b5-4656-9d7c-a0f1526032da", "isDeleted:":"true", "version":"1687458088664"}}
{"logTime": "0623/060544", "correlationVector":"sDY4aUQpFQ3NJLrc4HU+C0.10","action":"GetUpdates", "result":"DeleteReceived", "context":{"id":"1024868f-4308-4670-8cc5-fd5dffaa358c", "isDeleted:":"true", "version":"1687458306147"}}
{"logTime": "0623/060544", "correlationVector":"sDY4aUQpFQ3NJLrc4HU+C0.11","action":"GetUpdates", "result":"DeleteReceived", "context":{"id":"62b29114-f8f5-4556-aafd-ba84732d8054", "isDeleted:":"true", "version":"1687458306148"}}
{"logTime": "0623/060544", "correlationVector":"sDY4aUQpFQ3NJLrc4HU+C0.12","action":"GetUpdates", "result":"DeleteReceived", "context":{"id":"b3873cba-e953-436d-acbb-6dc73dc12eef", "isDeleted:":"true", "version":"1687458306149"}}
{"logTime": "0623/060544", "correlationVector":"sDY4aUQpFQ3NJLrc4HU+C0.13","action":"GetUpdates", "result":"DeleteReceived", "context":{"id":"32094ce7-a391-40bb-8c0a-8a9b8527e0ea", "isDeleted:":"true", "version":"1687458753036"}}
{"logTime": "0623/060544", "correlationVector":"sDY4aUQpFQ3NJLrc4HU+C0.14","action":"GetUpdates", "result":"DeleteReceived", "context":{"id":"3d334a16-3a9d-4d3e-99bc-241d0f8ca4d5", "isDeleted:":"true", "version":"1687459646573"}}
{"logTime": "0623/060544", "correlationVector":"sDY4aUQpFQ3NJLrc4HU+C0.15","action":"GetUpdates", "result":"DeleteReceived", "context":{"id":"5994142c-edc4-4739-bdaf-c8c6fbe098dc", "isDeleted:":"true", "version":"1687485640172"}}
{"logTime": "0623/060544", "correlationVector":"sDY4aUQpFQ3NJLrc4HU+C0.16","action":"GetUpdates", "result":"DeleteReceived", "context":{"id":"5e3590f1-72f3-41ac-aa84-8531c6eb90f2", "isDeleted:":"true", "version":"1687486073752"}}
{"logTime": "0623/060544", "correlationVector":"sDY4aUQpFQ3NJLrc4HU+C0.17","action":"GetUpdates", "result":"DeleteReceived", "context":{"id":"70f87cd9-ec21-4aaf-a99c-fd327c5c948c", "isDeleted:":"true", "version":"1687486183729"}}
{"logTime": "0623/060544", "correlationVector":"sDY4aUQpFQ3NJLrc4HU+C0.18","action":"GetUpdates", "result":"DeleteReceived", "context":{"id":"a5897396-8de4-423d-9e5e-a45f287dae57", "isDeleted:":"true", "version":"1687486183731"}}
{"logTime": "0623/060544", "correlationVector":"sDY4aUQpFQ3NJLrc4HU+C0.19","action":"GetUpdates", "result":"DeleteReceived", "context":{"id":"cba447b3-b5a3-435e-b9fd-14c4b698ffbb", "isDeleted:":"true", "version":"1687486419202"}}
{"logTime": "0623/060544", "correlationVector":"sDY4aUQpFQ3NJLrc4HU+C0.20","action":"GetUpdates", "result":"DeleteReceived", "context":{"id":"be1ac41b-885a-4564-8935-4775eeaa0132", "isDeleted:":"true", "version":"1687486993708"}}
{"logTime": "0623/060544", "correlationVector":"sDY4aUQpFQ3NJLrc4HU+C0.21","action":"GetUpdates", "result":"DeleteReceived", "context":{"id":"1310cbb2-4412-4f78-a795-732d7ec953a6", "isDeleted:":"true", "version":"1687487181443"}}
{"logTime": "0623/060544", "correlationVector":"sDY4aUQpFQ3NJLrc4HU+C0.22","action":"GetUpdates", "result":"DeleteReceived", "context":{"id":"ab5cfde9-8259-47ac-a266-5e72237b4ed2", "isDeleted:":"true", "version":"1687487181444"}}
{"logTime": "0623/060544", "correlationVector":"sDY4aUQpFQ3NJLrc4HU+C0.23","action":"GetUpdates", "result":"DeleteReceived", "context":{"id":"58979b26-b544-4d2e-ae20-efa6513fe3e1", "isDeleted:":"true", "version":"1687488255078"}}
{"logTime": "0623/060544", "correlationVector":"sDY4aUQpFQ3NJLrc4HU+C0.24","action":"GetUpdates", "result":"DeleteReceived", "context":{"id":"c1e4d3ef-f6e4-4d67-9190-e5cbc1392181", "isDeleted:":"true", "version":"1687488255079"}}
{"logTime": "0623/060544", "correlationVector":"sDY4aUQpFQ3NJLrc4HU+C0.25","action":"GetUpdates", "result":"DeleteReceived", "context":{"id":"0f3cabbe-33ae-4e07-83b9-2cb92a4968d6", "isDeleted:":"true", "version":"1687488255080"}}
{"logTime": "0623/060544", "correlationVector":"sDY4aUQpFQ3NJLrc4HU+C0.26","action":"GetUpdates", "result":"DeleteReceived", "context":{"id":"ab459de0-20bd-4952-b096-c1a09d8f0a09", "isDeleted:":"true", "version":"1687488255082"}}
{"logTime": "0623/060544", "correlationVector":"sDY4aUQpFQ3NJLrc4HU+C0.27","action":"GetUpdates", "result":"DeleteReceived", "context":{"id":"7bad74b5-5051-494f-9041-98bcd70bbb40", "isDeleted:":"true", "version":"1687489076541"}}
{"logTime": "0623/060544", "correlationVector":"sDY4aUQpFQ3NJLrc4HU+C0.28","action":"GetUpdates", "result":"DeleteReceived", "context":{"id":"01c609a9-9c62-4be0-8639-9730e94dd8fb", "isDeleted:":"true", "version":"1687493357510"}}
{"logTime": "0623/060544", "correlationVector":"sDY4aUQpFQ3NJLrc4HU+C0.29","action":"GetUpdates", "result":"DeleteReceived", "context":{"id":"dcd4aa6f-701d-46c0-a194-ed814dca96c3", "isDeleted:":"true", "version":"1687497594502"}}
{"logTime": "0623/060544", "correlationVector":"sDY4aUQpFQ3NJLrc4HU+C0.30","action":"GetUpdates", "result":"DeleteReceived", "context":{"id":"e241dd11-b396-4eac-958e-064ea44f545e", "isDeleted:":"true", "version":"1687497594503"}}
{"logTime": "0623/060544", "correlationVector":"sDY4aUQpFQ3NJLrc4HU+C0.31","action":"GetUpdates Response", "result":"SYNCER_OK", "context":Received 47 update(s). cV=sDY4aUQpFQ3NJLrc4HU+C0.0;server=general01000013;cloudType=Consumer;environment=Prod_SoutheastAsia_000j;migrationStage=NotStarted}
{"logTime": "0623/060544", "correlationVector":"nVgxKsrBBTIPsugYJOFrMS","action":"Commit Request", "result":"", "context":Item count: 8
Contributing types: Extensions, Sessions, User Consents}
{"logTime": "0623/060546", "correlationVector":"nVgxKsrBBTIPsugYJOFrMS.1","action":"SyncServerConnectionManagerRequest", "result":"SYNC_SERVER_OK", "context":{"environment":"Prod_SoutheastAsia_000j", "migrationStage":"NotStarted", "server":"GENERAL01000001"}}
{"logTime": "0623/060546", "correlationVector":"nVgxKsrBBTIPsugYJOFrMS.2","action":"Commit Response", "result":"SYNCER_OK", "context":Result: SYNCER_OK. cV=nVgxKsrBBTIPsugYJOFrMS.0;server=GENERAL01000001;cloudType=Consumer;environment=Prod_SoutheastAsia_000j;migrationStage=NotStarted}
{"logTime": "0623/060546", "correlationVector":"nVgxKsrBBTIPsugYJOFrMS.3","action":"Commit.Sessions", "result":"Success", "context":{"id":"29ef7637-7a12-47d6-81a2-75d7cc7895d8", "isDeleted":"true", "size":"0", "version":"1687497891027"}}
{"logTime": "0623/060546", "correlationVector":"nVgxKsrBBTIPsugYJOFrMS.4","action":"Commit.Sessions", "result":"Success", "context":{"id":"15fa731e-8676-4f7b-b8e1-23a08051d8e1", "isDeleted":"true", "size":"0", "version":"1687488255081"}}
{"logTime": "0623/060546", "correlationVector":"uR7BgdnXP5h+TqnFLKvbnE","action":"Poll GetUpdate request", "result":"", "context":cV=uR7BgdnXP5h+TqnFLKvbnE}
{"logTime": "0623/060546", "correlationVector":"uR7BgdnXP5h+TqnFLKvbnE.1","action":"SyncServerConnectionManagerRequest", "result":"SYNC_SERVER_OK", "context":{"environment":"Prod_SoutheastAsia_000j", "migrationStage":"NotStarted", "server":"GENERAL0100001B"}}
{"logTime": "0623/060546", "correlationVector":"uR7BgdnXP5h+TqnFLKvbnE.2","action":"GetUpdates", "result":"DeleteReceived", "context":{"id":"29ef7637-7a12-47d6-81a2-75d7cc7895d8", "isDeleted:":"true", "version":"1687500344848"}}
{"logTime": "0623/060546", "correlationVector":"uR7BgdnXP5h+TqnFLKvbnE.3","action":"GetUpdates", "result":"DeleteReceived", "context":{"id":"15fa731e-8676-4f7b-b8e1-23a08051d8e1", "isDeleted:":"true", "version":"1687500344849"}}
{"logTime": "0623/060546", "correlationVector":"uR7BgdnXP5h+TqnFLKvbnE.4","action":"GetUpdates Response", "result":"SYNCER_OK", "context":Received 7 update(s). cV=uR7BgdnXP5h+TqnFLKvbnE.0;server=GENERAL0100001B;cloudType=Consumer;environment=Prod_SoutheastAsia_000j;migrationStage=NotStarted}
{"logTime": "0623/060617", "correlationVector":"FhHLaY8AtetlQS6j8MyqSt","action":"Commit Request", "result":"", "context":Item count: 1
Contributing types: Sessions}
{"logTime": "0623/060618", "correlationVector":"FhHLaY8AtetlQS6j8MyqSt.1","action":"SyncServerConnectionManagerRequest", "result":"SYNC_SERVER_OK", "context":{"environment":"Prod_SoutheastAsia_000j", "migrationStage":"NotStarted", "server":"GENERAL0100001B"}}
{"logTime": "0623/060618", "correlationVector":"FhHLaY8AtetlQS6j8MyqSt.2","action":"Commit Response", "result":"SYNCER_OK", "context":Result: SYNCER_OK. cV=FhHLaY8AtetlQS6j8MyqSt.0;server=GENERAL0100001B;cloudType=Consumer;environment=Prod_SoutheastAsia_000j;migrationStage=NotStarted}
{"logTime": "0623/063103", "correlationVector":"fGZvg7s04wicJoZNYGrYtO.0","action":"FeedSettingFetch_homeCloud", "result":"0", "context":{}}
{"logTime": "0623/063103", "correlationVector":"7z3lD8pGog2hgBpU/t5UnH","action":"Normal GetUpdate request", "result":"", "context":cV=7z3lD8pGog2hgBpU/t5UnH
Nudged types: Sessions, User Consents
Refresh requested types: Bookmarks, Preferences, Passwords, Autofill, Autofill Custom Data, Typed URLs, Extensions, Sessions, Extension settings, History Delete Directives, Device Info, User Consents, Send Tab To Self, Web Apps, Collection, Edge E Drop, Encryption Keys}
{"logTime": "0623/063103", "correlationVector":"7z3lD8pGog2hgBpU/t5UnH.1","action":"SyncServerConnectionManagerRequest", "result":"SYNC_SERVER_OK", "context":{"environment":"Prod_SoutheastAsia_000j", "migrationStage":"NotStarted", "server":"GENERAL01000000"}}
{"logTime": "0623/063103", "correlationVector":"7z3lD8pGog2hgBpU/t5UnH.2","action":"GetUpdates Response", "result":"SYNCER_OK", "context":Received 1 update(s). cV=7z3lD8pGog2hgBpU/t5UnH.0;server=GENERAL01000000;cloudType=Consumer;environment=Prod_SoutheastAsia_000j;migrationStage=NotStarted}
{"logTime": "0623/063103", "correlationVector":"jfodo6HJn/4294TURMP6Yn","action":"Commit Request", "result":"", "context":Item count: 4
Contributing types: Sessions, User Consents}
{"logTime": "0623/063103", "correlationVector":"jfodo6HJn/4294TURMP6Yn.1","action":"SyncServerConnectionManagerRequest", "result":"SYNC_SERVER_OK", "context":{"environment":"Prod_SoutheastAsia_000j", "migrationStage":"NotStarted", "server":"GENERAL01000006"}}
{"logTime": "0623/063103", "correlationVector":"jfodo6HJn/4294TURMP6Yn.3","action":"Commit.Sessions", "result":"Success", "context":{"id":"d16fab92-b982-4fda-a144-6177d51d7485", "isDeleted":"true", "size":"0", "version":"1687500377858"}}
{"logTime": "0623/063103", "correlationVector":"jfodo6HJn/4294TURMP6Yn.4","action":"Commit.Sessions", "result":"Success", "context":{"id":"c62fd3ac-eb01-44a3-a16d-492955a59a85", "isDeleted":"true", "size":"0", "version":"1687500344850"}}
{"logTime": "0623/063103", "correlationVector":"jfodo6HJn/4294TURMP6Yn.2","action":"Commit Response", "result":"SYNCER_OK", "context":Result: SYNCER_OK. cV=jfodo6HJn/4294TURMP6Yn.0;server=GENERAL01000006;cloudType=Consumer;environment=Prod_SoutheastAsia_000j;migrationStage=NotStarted}
{"logTime": "0623/063133", "correlationVector":"P3LSM0XkvxGfNvQjSGZirI","action":"Commit Request", "result":"", "context":Item count: 4
Contributing types: Sessions}
{"logTime": "0623/063133", "correlationVector":"P3LSM0XkvxGfNvQjSGZirI.1","action":"SyncServerConnectionManagerRequest", "result":"SYNC_SERVER_OK", "context":{"environment":"Prod_SoutheastAsia_000j", "migrationStage":"NotStarted", "server":"general01000011"}}
{"logTime": "0623/063133", "correlationVector":"P3LSM0XkvxGfNvQjSGZirI.2","action":"Commit Response", "result":"SYNCER_OK", "context":Result: SYNCER_OK. cV=P3LSM0XkvxGfNvQjSGZirI.0;server=general01000011;cloudType=Consumer;environment=Prod_SoutheastAsia_000j;migrationStage=NotStarted}
{"logTime": "0623/063229", "correlationVector":"JKhJsM7DF/0IjdvYHpH3n0","action":"Commit Request", "result":"", "context":Item count: 1
Contributing types: Sessions}
{"logTime": "0623/063231", "correlationVector":"JKhJsM7DF/0IjdvYHpH3n0.1","action":"SyncServerConnectionManagerRequest", "result":"SYNC_SERVER_OK", "context":{"environment":"Prod_SoutheastAsia_000j", "migrationStage":"NotStarted", "server":"general0100000B"}}
{"logTime": "0623/063231", "correlationVector":"JKhJsM7DF/0IjdvYHpH3n0.2","action":"Commit Response", "result":"SYNCER_OK", "context":Result: SYNCER_OK. cV=JKhJsM7DF/0IjdvYHpH3n0.0;server=general0100000B;cloudType=Consumer;environment=Prod_SoutheastAsia_000j;migrationStage=NotStarted}
{"logTime": "0623/063310", "correlationVector":"TWG9aJ3YIi+RgXWuio10aw","action":"Commit Request", "result":"", "context":Item count: 1
Contributing types: Sessions}
{"logTime": "0623/063310", "correlationVector":"TWG9aJ3YIi+RgXWuio10aw.1","action":"SyncServerConnectionManagerRequest", "result":"SYNC_SERVER_OK", "context":{"environment":"Prod_SoutheastAsia_000j", "migrationStage":"NotStarted", "server":"GENERAL01000002"}}
{"logTime": "0623/063310", "correlationVector":"TWG9aJ3YIi+RgXWuio10aw.2","action":"Commit Response", "result":"SYNCER_OK", "context":Result: SYNCER_OK. cV=TWG9aJ3YIi+RgXWuio10aw.0;server=GENERAL01000002;cloudType=Consumer;environment=Prod_SoutheastAsia_000j;migrationStage=NotStarted}
{"logTime": "0623/063507", "correlationVector":"bF7OngwcRfonIoXbfgTt99","action":"Commit Request", "result":"", "context":Item count: 1
Contributing types: Sessions}
{"logTime": "0623/063508", "correlationVector":"bF7OngwcRfonIoXbfgTt99.1","action":"SyncServerConnectionManagerRequest", "result":"SYNC_SERVER_OK", "context":{"environment":"Prod_SoutheastAsia_000j", "migrationStage":"NotStarted", "server":"general01000013"}}
{"logTime": "0623/063508", "correlationVector":"bF7OngwcRfonIoXbfgTt99.2","action":"Commit Response", "result":"SYNCER_OK", "context":Result: SYNCER_OK. cV=bF7OngwcRfonIoXbfgTt99.0;server=general01000013;cloudType=Consumer;environment=Prod_SoutheastAsia_000j;migrationStage=NotStarted}
{"logTime": "0623/063538", "correlationVector":"tJkt6csEoWeVbPBs82NCLw","action":"Commit Request", "result":"", "context":Item count: 1
Contributing types: Sessions}
{"logTime": "0623/063539", "correlationVector":"tJkt6csEoWeVbPBs82NCLw.1","action":"SyncServerConnectionManagerRequest", "result":"SYNC_SERVER_OK", "context":{"environment":"Prod_SoutheastAsia_000j", "migrationStage":"NotStarted", "server":"GENERAL0100000X"}}
{"logTime": "0623/063539", "correlationVector":"tJkt6csEoWeVbPBs82NCLw.2","action":"Commit Response", "result":"SYNCER_OK", "context":Result: SYNCER_OK. cV=tJkt6csEoWeVbPBs82NCLw.0;server=GENERAL0100000X;cloudType=Consumer;environment=Prod_SoutheastAsia_000j;migrationStage=NotStarted}
{"logTime": "0623/065918", "correlationVector":"GR9o3YoXH2gY8qWsx6oBT4.0","action":"FeedSettingFetch_homeCloud", "result":"0", "context":{}}
{"logTime": "0623/065918", "correlationVector":"yZeNWfj4Xug4GFzXBP4Ava","action":"Normal GetUpdate request", "result":"", "context":cV=yZeNWfj4Xug4GFzXBP4Ava
Nudged types: Sessions, User Consents
Refresh requested types: Bookmarks, Preferences, Passwords, Autofill, Autofill Custom Data, Typed URLs, Extensions, Sessions, Extension settings, History Delete Directives, Device Info, User Consents, Send Tab To Self, Web Apps, Collection, Edge E Drop, Encryption Keys}
{"logTime": "0623/065918", "correlationVector":"yZeNWfj4Xug4GFzXBP4Ava.1","action":"SyncServerConnectionManagerRequest", "result":"SYNC_SERVER_OK", "context":{"environment":"Prod_SoutheastAsia_000j", "migrationStage":"NotStarted", "server":"GENERAL0100000W"}}
{"logTime": "0623/065918", "correlationVector":"yZeNWfj4Xug4GFzXBP4Ava.2","action":"GetUpdates", "result":"DeleteReceived", "context":{"id":"d16fab92-b982-4fda-a144-6177d51d7485", "isDeleted:":"true", "version":"1687501862727"}}
{"logTime": "0623/065918", "correlationVector":"yZeNWfj4Xug4GFzXBP4Ava.3","action":"GetUpdates", "result":"DeleteReceived", "context":{"id":"c62fd3ac-eb01-44a3-a16d-492955a59a85", "isDeleted:":"true", "version":"1687501862728"}}
{"logTime": "0623/065918", "correlationVector":"yZeNWfj4Xug4GFzXBP4Ava.4","action":"GetUpdates", "result":"DeleteReceived", "context":{"id":"3b72934d-0dd1-4f7a-82e0-2b4dfa23d06b", "isDeleted:":"true", "version":"1687502298464"}}
{"logTime": "0623/065918", "correlationVector":"yZeNWfj4Xug4GFzXBP4Ava.5","action":"GetUpdates Response", "result":"SYNCER_OK", "context":Received 10 update(s). cV=yZeNWfj4Xug4GFzXBP4Ava.0;server=GENERAL0100000W;cloudType=Consumer;environment=Prod_SoutheastAsia_000j;migrationStage=NotStarted}
{"logTime": "0623/065918", "correlationVector":"In2BFCEMqOg6kWUoRajQ5c","action":"Commit Request", "result":"", "context":Item count: 5
Contributing types: Sessions, User Consents}
{"logTime": "0623/065918", "correlationVector":"In2BFCEMqOg6kWUoRajQ5c.1","action":"SyncServerConnectionManagerRequest", "result":"SYNC_SERVER_OK", "context":{"environment":"Prod_SoutheastAsia_000j", "migrationStage":"NotStarted", "server":"GENERAL01000016"}}
{"logTime": "0623/065918", "correlationVector":"In2BFCEMqOg6kWUoRajQ5c.3","action":"Commit.Sessions", "result":"Success", "context":{"id":"be673d2f-e439-4434-8515-bd682d110f61", "isDeleted":"true", "size":"0", "version":"1687502138882"}}
{"logTime": "0623/065918", "correlationVector":"In2BFCEMqOg6kWUoRajQ5c.4","action":"Commit.Sessions", "result":"Success", "context":{"id":"63877e99-3a70-4010-942e-551b0eef4cd9", "isDeleted":"true", "size":"0", "version":"1687501893378"}}
{"logTime": "0623/065918", "correlationVector":"In2BFCEMqOg6kWUoRajQ5c.5","action":"Commit.Sessions", "result":"Success", "context":{"id":"a8b89709-4524-4cbe-98ee-e18fdcf8f185", "isDeleted":"true", "size":"0", "version":"1687501990344"}}
{"logTime": "0623/065918", "correlationVector":"In2BFCEMqOg6kWUoRajQ5c.2","action":"Commit Response", "result":"SYNCER_OK", "context":Result: SYNCER_OK. cV=In2BFCEMqOg6kWUoRajQ5c.0;server=GENERAL01000016;cloudType=Consumer;environment=Prod_SoutheastAsia_000j;migrationStage=NotStarted}
